Oros                                          31.269    26.995   443.193   286.507    69.087    31.850    31.823    31.962    31.958    30.023    31.957    12.679
Oros                                          31.269    26.995    31.953    31.455    12.709    31.850    31.823    31.962    31.958    30.023    31.957    12.679
Oros                                          31.269    26.995    31.953    31.455    12.709    31.850    31.823    31.962    31.958    30.023    31.957    12.679
Oros                                          31.269    26.995    31.953    31.455    12.709    31.850    31.823    31.962    31.958    30.023    31.957    12.679
Oros                                          31.269    26.995    31.953    31.455    12.709    31.850    31.823    31.962    31.958    30.023    31.957    12.679
Oros                                          31.269    26.995    31.953    31.455    12.709    31.850    31.823    31.962    31.958    30.023    31.957    12.679
Oros                                          31.269    26.995    31.953    31.455    12.709    31.850    31.823    31.962    31.958    30.023    31.957    12.679
Oros                                          31.269    26.995    31.953    31.455    12.709    31.850    31.823    31.962    31.958    30.023    31.957    12.679
Oros                                          31.269    26.995   169.746   122.389   116.817    81.366    31.823    31.962    31.958    30.023    31.957    12.679
Oros                                          31.269    26.995    31.953    31.455    12.709    31.850    31.823    31.962    31.958    30.023    31.957    12.679
Oros                                          31.269    26.995    31.953    31.455    12.709    31.850    31.823    31.962    31.958    30.023    31.957    12.679
Oros                                          31.269    26.995    31.953    31.455    12.709    31.850    31.823    31.962    31.958    30.023    31.957    12.679
Oros                                          31.269    26.995    31.953    31.455    12.709    31.850    31.823    31.962    31.958    30.023    31.957    12.679
Oros                                          31.269    26.995    31.953    31.455    12.709    31.850    31.823    31.962    31.958    30.023    31.957    12.679
Oros                                          31.269    26.995    31.953    31.455    12.709    31.850    31.823    31.962    31.958    30.023    31.957    12.679
Oros                                          31.269    26.995    31.953    31.455    12.709    31.850    31.823    31.962    31.958    30.023    31.957    12.679
Oros                                          31.269    26.995    31.953    31.455    12.709    31.850    31.823    31.962    31.958    30.023    31.957    12.679
Oros                                          31.269    26.995    31.953    31.455    12.709    31.850    31.823    31.962    31.958    30.023    31.957    12.679
Oros                                          31.269    26.995    31.953    31.455    12.709    31.850    31.823    31.962    31.958    30.023    31.957    12.679
Oros                                          31.269    26.995    31.953    31.455    12.709    31.850    31.823    31.962    31.958    30.023    31.957    12.679
Oros                                          31.269    26.995    31.953    31.455    12.709    31.850    31.823    31.962    31.958    30.023    31.957    12.679
Oros                                          31.269    26.995    31.953    31.455    12.709    31.850    31.823    31.962    31.958    30.023    31.957    12.679
Oros                                          31.269    26.995    31.953    31.455    12.709    31.850    31.823    31.962    31.958    30.023    31.957    12.679
Oros                                          31.269    26.995    31.953    31.455    12.709    31.850    31.823    31.962    31.958    30.023    31.957    12.679
Oros                                          31.269    26.995    31.953    31.455    12.709    31.850    31.823    31.962    31.958    30.023    31.957    12.679
Oros                                          31.269    26.995    31.953    31.455    12.709    31.850    31.823    31.962    31.958    30.023    31.957    12.679
Oros                                          31.269    26.995    31.953    31.455    12.709    31.850    31.823    31.962    31.958    30.023    31.957    12.679
Oros                                          31.269    26.995    31.953    31.455    12.709    31.850    31.823    31.962    31.958    30.023    31.957    12.679
Oros                                          31.269    26.995    31.953    31.455    12.709    31.850    31.823    31.962    31.958    30.023    31.957    12.679
Oros                                          31.269    26.995    31.953    31.455    12.709    31.850    31.823    31.962    31.958    30.023    31.957    12.679
Oros                                          31.269    26.995    31.953    31.455    12.709    31.850    31.823    31.962    31.958    30.023    31.957    12.679
Oros                                          31.269    26.995    31.953  1328.542   207.091    31.850    31.823    31.962    31.958    30.023    31.957    12.679
Oros                                          31.269    26.995    31.953    31.455    12.709    31.850    31.823    31.962    31.958    30.023    31.957    12.679
Oros                                          31.269    26.995    31.953    31.455    12.709    31.850    31.823    31.962    31.958    30.023    31.957    12.679
Oros                                          31.269    26.995    31.953    31.455    12.709    31.850    31.823    31.962    31.958    30.023    31.957    12.679
Oros                                          31.269    26.995    31.953    31.455    12.709    31.850    31.823    31.962    31.958    30.023    31.957    12.679
Oros                                          31.269    26.995    31.953    31.455    12.709    31.850    31.823    31.962    31.958    30.023    31.957    12.679
Oros                                          31.269    26.995    31.953    31.455    12.709    31.850    31.823    31.962    31.958    30.023    31.957    12.679
Oros                                          31.269    26.995    31.953  1136.870   250.676    31.850    31.823    31.962    31.958    30.023    31.957    12.679
Oros                                          31.269    26.995    31.953    31.455    12.709    31.850    31.823    31.962    31.958    30.023    31.957    12.679
Oros                                          31.269    26.995    31.953    31.455    12.709    31.850    31.823    31.962    31.958    30.023    31.957    12.679
Oros                                          31.269    26.995    31.953    31.455    12.709    31.850    31.823    31.962    31.958    30.023    31.957    12.679
Oros                                          31.269    26.995    31.953    31.455    12.709    31.850    31.823    31.962    31.958    30.023    31.957    12.679
Oros                                          31.269    26.995    31.953    31.455    12.709    31.850    31.823    31.962    31.958    30.023    31.957    12.679
Oros                                          31.269    26.995    31.953    31.455    12.709    31.850    31.823    31.962    31.958    30.023    31.957    12.679
Oros                                          31.269    26.995    31.953    31.455    12.709    31.850    31.823    31.962    31.958    30.023    31.957    12.679
Oros                                          31.269    26.995    31.953    31.455   153.998    31.850    31.823    31.962    31.958    30.023    31.957    12.679
Oros                                          31.269    26.995    31.953    31.455    12.709    31.850    31.823    31.962    31.958    30.023    31.957    12.679
Oros                                          31.269    26.995    31.953    31.455    12.709    31.850    31.823    31.962    31.958    30.023    31.957    12.679
Oros                                          31.269    26.995    31.953    31.455    12.709    31.850    31.823    31.962    31.958    30.023    31.957    12.679
Oros                                          31.269    26.995    31.953    31.455    12.709    31.850    31.823    31.962    31.958    30.023    31.957    12.679
Oros                                          31.269    26.995    31.953    31.455    12.709    31.850    31.823    31.962    31.958    30.023    31.957    12.679
Oros                                          31.269    26.995    31.953    31.455    12.709    31.850    31.823    31.962    31.958    30.023    31.957    12.679
Oros                                          31.269    26.995    31.953    31.455    12.709    31.850    31.823    31.962    31.958    30.023    31.957    12.679
Oros                                          31.269    26.995    31.953   735.151   501.289    31.850    31.823    31.962    31.958    30.023    31.957    12.679
Oros                                          31.269    26.995    31.953    31.455    12.709    31.850    31.823    31.962    31.958    30.023    31.957    12.679
Oros                                          31.269    26.995    31.953    31.455    12.709    31.850    31.823    31.962    31.958    30.023    31.957    12.679
Oros                                          31.269    26.995    31.953    31.455    12.709    31.850    31.823    31.962    31.958    30.023    31.957    12.679
Oros                                          31.269    26.995    31.953    31.455    12.709    31.850    31.823    31.962    31.958    30.023    31.957    12.679
Oros                                          31.269    26.995    31.953    31.455    12.709    31.850    31.823    31.962    31.958    30.023    31.957    12.679
Oros                                          31.269    26.995    31.953    31.455    12.709    31.850    31.823    31.962    31.958    30.023    31.957    12.679
Oros                                          31.269    26.995    31.953    31.455    12.709    31.850    31.823    31.962    31.958    30.023    31.957    12.679
Oros                                          31.269    26.995    31.953    31.455    12.709    31.850    31.823    31.962    31.958    30.023    31.957    12.679
Oros                                          31.269    26.995    31.953    31.455    12.709    31.850    31.823    31.962    31.958    30.023    31.957    12.679
Oros                                          31.269    26.995    31.953    31.455    12.709    31.850    31.823    31.962    31.958    30.023    31.957    12.679
Oros                                          31.269    26.995    31.953    31.455    12.709    31.850    31.823    31.962    31.958    30.023    31.957    12.679
Oros                                          31.269    26.995    31.953    31.455    12.709    31.850    31.823    31.962    31.958    30.023    31.957    12.679
Oros                                          31.269    26.995    31.953    31.455    12.709    31.850    31.823    31.962    31.958    30.023    31.957    12.679
Oros                                          31.269    26.995    31.953    31.455    12.709    31.850    31.823    31.962    31.958    30.023    31.957    12.679
Oros                                          31.269    26.995    31.953    31.455    12.709    31.850    31.823    31.962    31.958    30.023    31.957    12.679
Oros                                          31.269    26.995    31.953    31.455    12.709    31.850    31.823    31.962    31.958    30.023    31.957    12.679
Oros                                          31.269    26.995    31.953    31.455    12.709    31.850    31.823    31.962    31.958    30.023    31.957    12.679
Oros                                          31.269    26.995    31.953   193.439    12.709    31.850    31.823    31.962    31.958    30.023    31.957    12.679
Oros                                          31.269    26.995    31.953    31.455    12.709    31.850    31.823    31.962    31.958    30.023    31.957    12.679
Oros                                          31.269    26.995    31.953    31.455    12.709    31.850    31.823    31.962    31.958    30.023    31.957    12.679
Oros                                          31.269    26.995    31.953    31.455    12.709    31.850    31.823    31.962    31.958    30.023    31.957    12.679
Oros                                          31.269    26.995    31.953    31.455    12.709    31.850    31.823    31.962    31.958    30.023    31.957    12.679
Oros                                          31.269    26.995    31.953    31.455    12.709    31.850    31.823    31.962    31.958    30.023    31.957    12.679
Oros                                          31.269    26.995    31.953    31.455    12.709    31.850    31.823    31.962    31.958    30.023    31.957    12.679
Oros                                          31.269    26.995    31.953    31.455    12.709    31.850    31.823    31.962    31.958    30.023    31.957    12.679
Oros                                          31.269    26.995    31.953    31.455    12.709    31.850    31.823    31.962    31.958    30.023    31.957    12.679
Oros                                          31.269    26.995    31.953    31.455    12.709    31.850    31.823    31.962    31.958    30.023    31.957    12.679
Oros                                          31.269    26.995    31.953    31.455    12.709    31.850    31.823    31.962    31.958    30.023    31.957    12.679
Oros                                          31.269    26.995    31.953    31.455    12.709    31.850    31.823    31.962    31.958    30.023    31.957    12.679
Oros                                          31.269    26.995    31.953    31.455   153.998    31.850    31.823    31.962    31.958    30.023    31.957    12.679
Oros                                          31.269    26.995    31.953    31.455    12.709    31.850    31.823    31.962    31.958    30.023    31.957    12.679
Oros                                          31.269    26.995    31.953    31.455    12.709    31.850    31.823    31.962    31.958    30.023    31.957    12.679
Oros                                          31.269    26.995    31.953  1328.542   207.091    31.850    31.823    31.962    31.958    30.023    31.957    12.679
Oros                                          31.269    26.995    31.953    31.455    12.709    31.850    31.823    31.962    31.958    30.023    31.957    12.679
Oros                                          31.269    26.995    31.953    31.455    12.709    31.850    31.823    31.962    31.958    30.023    31.957    12.679
Oros                                          31.269    26.995    31.953    31.455    12.709    31.850    31.823    31.962    31.958    30.023    31.957    12.679
Oros                                          31.269    26.995    31.953    31.455    12.709    31.850    31.823    31.962    31.958    30.023    31.957    12.679
Oros                                          31.269    26.995    31.953    31.455    12.709    31.850    31.823    31.962    31.958    30.023    31.957    12.679
Oros                                          31.269    26.995    31.953   735.151   501.289    31.850    31.823    31.962    31.958    30.023    31.957    12.679
Oros                                          31.269    26.995    31.953    31.455    12.709    31.850    31.823    31.962    31.958    30.023    31.957    12.679
Oros                                          31.269    26.995    31.953    31.455    12.709    31.850    31.823    31.962    31.958    30.023    31.957    12.679
Oros                                          31.269    26.995    31.953    31.455    12.709    31.850    31.823    31.962    31.958    30.023    31.957    12.679
Oros                                          31.269    26.995    31.953    31.455    12.709    31.850    31.823    31.962    31.958    30.023    31.957    12.679
Oros                                          31.269    26.995    31.953    31.455    12.709    31.850    31.823    31.962    31.958    30.023    31.957    12.679
Oros                                          31.269    26.995    31.953    31.455    12.709    31.850    31.823    31.962    31.958    30.023    31.957    12.679
Banabuiu                                      23.229    28.408   367.775   233.358    24.904    24.051    24.363    18.947    12.414    17.626    16.862    27.600
Banabuiu                                      23.229    28.408    27.068    27.933    24.904    24.051    24.363    18.947    12.414    17.626    16.862    27.600
Banabuiu                                      23.229    28.408    27.068    27.933    24.904    24.051    24.363    18.947    12.414    17.626    16.862    27.600
Banabuiu                                      23.229    28.408    27.068    27.933    24.904    24.051    24.363    18.947    12.414    17.626    16.862    27.600
Banabuiu                                      23.229    28.408    27.068    27.933    24.904    24.051    24.363    18.947    12.414    17.626    16.862    27.600
Banabuiu                                      23.229    28.408    27.068    27.933    24.904    24.051    24.363    18.947    12.414    17.626    16.862    27.600
Banabuiu                                      23.229    28.408    27.068    27.933    24.904    24.051    24.363    18.947    12.414    17.626    16.862    27.600
Banabuiu                                      23.229    28.408    27.068    27.933    24.904    24.051    24.363    18.947    12.414    17.626    16.862    27.600
Banabuiu                                      23.229    28.408    27.068    27.933    24.904    24.051    24.363    18.947    12.414    17.626    16.862    27.600
Banabuiu                                      23.229    28.408    27.068    27.933    24.904    24.051    24.363    18.947    12.414    17.626    16.862    27.600
Banabuiu                                      23.229    28.408    27.068    27.933    24.904    24.051    24.363    18.947    12.414    17.626    16.862    27.600
Banabuiu                                      23.229    28.408    27.068    27.933    24.904    24.051    24.363    18.947    12.414    17.626    16.862    27.600
Banabuiu                                      23.229    28.408    27.068    27.933    24.904    24.051    24.363    18.947    12.414    17.626    16.862    27.600
Banabuiu                                      23.229    28.408    27.068    27.933    24.904    24.051    24.363    18.947    12.414    17.626    16.862    27.600
Banabuiu                                      23.229    28.408    27.068    27.933    24.904    24.051    24.363    18.947    12.414    17.626    16.862    27.600
Banabuiu                                      23.229    28.408    27.068    27.933    24.904    24.051    24.363    18.947    12.414    17.626    16.862    27.600
Banabuiu                                      23.229    28.408    27.068    27.933    24.904    24.051    24.363    18.947    12.414    17.626    16.862    27.600
Banabuiu                                      23.229    28.408    27.068    27.933    24.904    24.051    24.363    18.947    12.414    17.626    16.862    27.600
Banabuiu                                      23.229    28.408    27.068    27.933    24.904    24.051    24.363    18.947    12.414    17.626    16.862    27.600
Banabuiu                                      23.229    28.408    27.068    27.933    24.904    24.051    24.363    18.947    12.414    17.626    16.862    27.600
Banabuiu                                      23.229    28.408    27.068    27.933    24.904    24.051    24.363    18.947    12.414    17.626    16.862    27.600
Banabuiu                                      23.229    28.408    27.068    27.933   415.651    43.981    24.363    18.947    12.414    17.626    16.862    27.600
Banabuiu                                      23.229    28.408    27.068   142.013   326.171   136.297    29.804    18.947    12.414    17.626    16.862    27.600
Banabuiu                                      23.229    28.408    27.068    27.933    24.904    24.051    24.363    18.947    12.414    17.626    16.862    27.600
Banabuiu                                      23.229    28.408    27.068    27.933    24.904    24.051    24.363    18.947    12.414    17.626    16.862    27.600
Banabuiu                                      23.229    28.408    27.068    27.933    24.904    24.051    24.363    18.947    12.414    17.626    16.862    27.600
Banabuiu                                      23.229    28.408    27.068    27.933    24.904    24.051    24.363    18.947    12.414    17.626    16.862    27.600
Banabuiu                                      23.229    28.408    27.068    27.933    24.904    24.051    24.363    18.947    12.414    17.626    16.862    27.600
Banabuiu                                      23.229    28.408    27.068    27.933    24.904    24.051    24.363    18.947    12.414    17.626    16.862    27.600
Banabuiu                                      23.229    28.408    27.068    27.933    24.904    24.051    24.363    18.947    12.414    17.626    16.862    27.600
Banabuiu                                      23.229    28.408    27.068    27.933    24.904    24.051    24.363    18.947    12.414    17.626    16.862    27.600
Banabuiu                                      23.229    28.408    27.068    27.933    24.904    24.051    24.363    18.947    12.414    17.626    16.862    27.600
Banabuiu                                      23.229    28.408    27.068   142.013   326.171   136.297    29.804    18.947    12.414    17.626    16.862    27.600
Banabuiu                                      23.229    28.408    27.068    27.933    24.904    24.051    24.363    18.947    12.414    17.626    16.862    27.600
Banabuiu                                      23.229    28.408    27.068    27.933    24.904    24.051    24.363    18.947    12.414    17.626    16.862    27.600
Banabuiu                                      23.229    28.408    27.068    27.933    24.904    24.051    24.363    18.947    12.414    17.626    16.862    27.600
Banabuiu                                      23.229    28.408    27.068    27.933    24.904    24.051    24.363    18.947    12.414    17.626    16.862    27.600
Banabuiu                                      23.229    28.408    27.068    27.933    24.904    24.051    24.363    18.947    12.414    17.626    16.862    27.600
Banabuiu                                      23.229    28.408    27.068    27.933    24.904    24.051    24.363    18.947    12.414    17.626    16.862    27.600
Banabuiu                                      23.229    28.408    27.068    27.933    24.904    24.051    24.363    18.947    12.414    17.626    16.862    27.600
Banabuiu                                      23.229    28.408    27.068    27.933    24.904    24.051    24.363    18.947    12.414    17.626    16.862    27.600
Banabuiu                                      23.229    28.408    27.068    27.933    24.904    24.051    24.363    18.947    12.414    17.626    16.862    27.600
Banabuiu                                      23.229    28.408    27.068    27.933    24.904    24.051    24.363    18.947    12.414    17.626    16.862    27.600
Banabuiu                                      23.229    28.408    27.068    27.933    51.736    35.623    24.363    18.947    12.414    17.626    16.862    27.600
Banabuiu                                      23.229    28.408    27.068    27.933    24.904    24.051    24.363    18.947    12.414    17.626    16.862    27.600
Banabuiu                                      23.229    28.408    27.068    27.933    24.904    24.051    24.363    18.947    12.414    17.626    16.862    27.600
Banabuiu                                      23.229    28.408    27.068    27.933    24.904    24.051    24.363    18.947    12.414    17.626    16.862    27.600
Banabuiu                                      23.229    28.408    27.068    27.933    24.904    24.051    24.363    18.947    12.414    17.626    16.862    27.600
Banabuiu                                      23.229    28.408    27.068    27.933    24.904    24.051    24.363    18.947    12.414    17.626    16.862    27.600
Banabuiu                                      23.229    28.408    27.068    27.933    24.904    24.051    24.363    18.947    12.414    17.626    16.862    27.600
Banabuiu                                      23.229    28.408    27.068    27.933    24.904    24.051    24.363    18.947    12.414    17.626    16.862    27.600
Banabuiu                                      23.229    28.408    27.068    27.933    24.904    24.051    24.363    18.947    12.414    17.626    16.862    27.600
Banabuiu                                      23.229    28.408    27.068    27.933    24.904    24.051    24.363    18.947    12.414    17.626    16.862    27.600
Banabuiu                                      23.229    28.408    27.068    27.933    24.904    24.051    24.363    18.947    12.414    17.626    16.862    27.600
Banabuiu                                      23.229    28.408    27.068    27.933    24.904    24.051    24.363    18.947    12.414    17.626    16.862    27.600
Banabuiu                                      23.229    28.408    27.068    27.933    24.904    24.051    24.363    18.947    12.414    17.626    16.862    27.600
Banabuiu                                      23.229    28.408    27.068    27.933    24.904    24.051    24.363    18.947    12.414    17.626    16.862    27.600
Banabuiu                                      23.229    28.408    27.068    27.933    24.904    24.051    24.363    18.947    12.414    17.626    16.862    27.600
Banabuiu                                      23.229    28.408    27.068    27.933    24.904    24.051    24.363    18.947    12.414    17.626    16.862    27.600
Banabuiu                                      23.229    28.408    27.068    27.933    24.904    24.051    24.363    18.947    12.414    17.626    16.862    27.600
Banabuiu                                      23.229    28.408    27.068    27.933    24.904    24.051    24.363    18.947    12.414    17.626    16.862    27.600
Banabuiu                                      23.229    28.408    27.068    27.933    24.904    24.051    24.363    18.947    12.414    17.626    16.862    27.600
Banabuiu                                      23.229    28.408    27.068    27.933    24.904    24.051    24.363    18.947    12.414    17.626    16.862    27.600
Banabuiu                                      23.229    28.408    27.068    27.933    24.904    24.051    24.363    18.947    12.414    17.626    16.862    27.600
Banabuiu                                      23.229    28.408    27.068    27.933    24.904    24.051    24.363    18.947    12.414    17.626    16.862    27.600
Banabuiu                                      23.229    28.408    27.068    27.933    24.904    24.051    24.363    18.947    12.414    17.626    16.862    27.600
Banabuiu                                      23.229    28.408    27.068    27.933    24.904    24.051    24.363    18.947    12.414    17.626    16.862    27.600
Banabuiu                                      23.229    28.408    27.068    27.933    24.904    24.051    24.363    18.947    12.414    17.626    16.862    27.600
Banabuiu                                      23.229    28.408    27.068    27.933    24.904    24.051    24.363    18.947    12.414    17.626    16.862    27.600
Banabuiu                                      23.229    28.408    27.068    27.933    24.904    24.051    24.363    18.947    12.414    17.626    16.862    27.600
Banabuiu                                      23.229    28.408    27.068    27.933    24.904    24.051    24.363    18.947    12.414    17.626    16.862    27.600
Banabuiu                                      23.229    28.408    27.068    27.933    24.904    24.051    24.363    18.947    12.414    17.626    16.862    27.600
Banabuiu                                      23.229    28.408    27.068    27.933    24.904    24.051    24.363    18.947    12.414    17.626    16.862    27.600
Banabuiu                                      23.229    28.408    27.068    27.933    24.904    24.051    24.363    18.947    12.414    17.626    16.862    27.600
Banabuiu                                      23.229    28.408    27.068    27.933    24.904    24.051    24.363    18.947    12.414    17.626    16.862    27.600
Banabuiu                                      23.229    28.408    27.068    27.933    24.904    24.051    50.693    18.947    12.414    17.626    16.862    27.600
Banabuiu                                      23.229    28.408    27.068    27.933    24.904    24.051    24.363    18.947    12.414    17.626    16.862    27.600
Banabuiu                                      23.229    28.408    27.068    27.933    24.904    24.051    24.363    18.947    12.414    17.626    16.862    27.600
Banabuiu                                      23.229    28.408    27.068    27.933    51.736    35.623    24.363    18.947    12.414    17.626    16.862    27.600
Banabuiu                                      23.229    28.408    27.068    27.933    24.904    24.051    24.363    18.947    12.414    17.626    16.862    27.600
Banabuiu                                      23.229    28.408    27.068    27.933    24.904    24.051    24.363    18.947    12.414    17.626    16.862    27.600
Banabuiu                                      23.229    28.408    27.068    27.933    24.904    24.051    24.363    18.947    12.414    17.626    16.862    27.600
Banabuiu                                      23.229    28.408    27.068    27.933    24.904    24.051    24.363    18.947    12.414    17.626    16.862    27.600
Banabuiu                                      23.229    28.408    27.068    27.933    24.904    24.051    24.363    18.947    12.414    17.626    16.862    27.600
Banabuiu                                      23.229    28.408    27.068    27.933    24.904    24.051    24.363    18.947    12.414    17.626    16.862    27.600
Banabuiu                                      23.229    28.408    27.068    27.933    24.904    24.051    24.363    18.947    12.414    17.626    16.862    27.600
Banabuiu                                      23.229    28.408    27.068    27.933    24.904    24.051    24.363    18.947    12.414    17.626    16.862    27.600
Banabuiu                                      23.229    28.408    27.068    27.933    24.904    24.051    24.363    18.947    12.414    17.626    16.862    27.600
Banabuiu                                      23.229    28.408    27.068    27.933    24.904    24.051    24.363    18.947    12.414    17.626    16.862    27.600
Banabuiu                                      23.229    28.408    27.068    27.933    24.904    24.051    24.363    18.947    12.414    17.626    16.862    27.600
Banabuiu                                      23.229    28.408    27.068    27.933    24.904    24.051    24.363    18.947    12.414    17.626    16.862    27.600
Banabuiu                                      23.229    28.408    27.068    27.933    24.904    24.051    24.363    18.947    12.414    17.626    16.862    27.600
Banabuiu                                      23.229    28.408    27.068    27.933    24.904    24.051    24.363    18.947    12.414    17.626    16.862    27.600
Banabuiu                                      23.229    28.408    27.068    27.933    24.904    24.051    24.363    18.947    12.414    17.626    16.862    27.600
Banabuiu                                      23.229    28.408    27.068    27.933    24.904    24.051    24.363    18.947    12.414    17.626    16.862    27.600
Banabuiu                                      23.229    28.408    27.068    27.933    24.904    24.051    24.363    18.947    12.414    17.626    16.862    27.600
Banabuiu                                      23.229    28.408    27.068    27.933    24.904    24.051    24.363    18.947    12.414    17.626    16.862    27.600
Banabuiu                                      23.229    28.408    27.068    27.933    24.904    24.051    24.363    18.947    12.414    17.626    16.862    27.600
Banabuiu                                      23.229    28.408    27.068    27.933    24.904    24.051    24.363    18.947    12.414    17.626    16.862    27.600
Banabuiu                                      23.229    28.408    27.068    27.933    24.904    24.051    24.363    18.947    12.414    17.626    16.862    27.600
Pacajus                                       11.440    11.437    11.440    11.389    10.301    11.440    11.440    11.440    11.194    11.440    11.439    11.440
Pacajus                                       11.440    11.437    11.440    11.389    10.301    11.440    11.440    11.440    11.194    11.440    11.439    11.440
Pacajus                                       11.440    11.437    11.440    11.389    10.301    11.440    11.440    11.440    11.194    11.440    11.439    11.440
Pacajus                                       11.440    11.437    11.440    11.389    10.301    11.440    11.440    11.440    11.194    11.440    11.439    11.440
Pacajus                                       11.440    11.437    11.440    11.389    10.301    11.440    11.440    11.440    11.194    11.440    11.439    11.440
Pacajus                                       11.440    11.437    11.440    11.389    10.301    11.440    11.440    11.440    11.194    11.440    11.439    11.440
Pacajus                                       11.440    11.437    11.440    11.389    10.301    11.440    11.440    11.440    11.194    11.440    11.439    11.440
Pacajus                                       11.440    11.437    11.440    11.389    10.301    11.440    11.440    11.440    11.194    11.440    11.439    11.440
Pacajus                                       11.440    11.437    11.440    11.389    10.301    11.440    11.440    11.440    11.194    11.440    11.439    11.440
Pacajus                                       11.440    11.437    11.440    11.389    10.301    11.440    11.440    11.440    11.194    11.440    11.439    11.440
Pacajus                                       11.440    11.437    11.440    11.389    10.301    11.440    11.440    11.440    11.194    11.440    11.439    11.440
Pacajus                                       11.440    11.437    11.440    11.389    10.301    11.440    11.440    11.440    11.194    11.440    11.439    11.440
Pacajus                                       11.440    11.437    11.440    11.389    10.301    11.440    11.440    11.440    11.194    11.440    11.439    11.440
Pacajus                                       11.440    11.437    11.440    11.389    10.301    11.440    11.440    11.440    11.194    11.440    11.439    11.440
Pacajus                                       11.440    11.437    11.440    11.389    10.301    11.440    11.440    11.440    11.194    11.440    11.439    11.440
Pacajus                                       11.440    11.437    11.440    11.389    10.301    11.440    11.440    11.440    11.194    11.440    11.439    11.440
Pacajus                                       11.440    11.437    11.440    11.389    10.301    11.440    11.440    11.440    11.194    11.440    11.439    11.440
Pacajus                                       11.440    11.437    11.440    11.389    10.301    11.440    11.440    11.440    11.194    11.440    11.439    11.440
Pacajus                                       11.440    11.437    11.440    11.389    10.301    11.440    11.440    11.440    11.194    11.440    11.439    11.440
Pacajus                                       11.440    11.437    11.440    11.389    10.301    11.440    11.440    11.440    11.194    11.440    11.439    11.440
Pacajus                                       11.440    11.437    11.440    11.389    10.301    11.440    11.440    11.440    11.194    11.440    11.439    11.440
Pacajus                                       11.440    11.437    11.440    11.389    10.301    11.440    11.440    11.440    11.194    11.440    11.439    11.440
Pacajus                                       11.440    11.437    11.440    11.389    10.301    11.440    11.440    11.440    11.194    11.440    11.439    11.440
Pacajus                                       11.440    11.437    11.440    11.389    10.301    11.440    11.440    11.440    11.194    11.440    11.439    11.440
Pacajus                                       11.440    11.437    11.440    11.389    10.301    11.440    11.440    11.440    11.194    11.440    11.439    11.440
Pacajus                                       11.440    11.437    11.440    11.389    10.301    11.440    11.440    11.440    11.194    11.440    11.439    11.440
Pacajus                                       11.440    11.437    11.440    11.389    10.301    11.440    11.440    11.440    11.194    11.440    11.439    11.440
Pacajus                                       11.440    11.437    11.440    11.389    10.301    11.440    11.440    11.440    11.194    11.440    11.439    11.440
Pacajus                                       11.440    11.437    11.440    11.389    10.301    11.440    11.440    11.440    11.194    11.440    11.439    11.440
Pacajus                                       11.440    11.437    11.440    11.389    10.301    11.440    11.440    11.440    11.194    11.440    11.439    11.440
Pacajus                                       11.440    11.437    11.440    11.389    10.301    11.440    11.440    11.440    11.194    11.440    11.439    11.440
Pacajus                                       11.440    11.437    11.440    11.389    10.301    11.440    11.440    11.440    11.194    11.440    11.439    11.440
Pacajus                                       11.440    11.437    11.440    11.389    10.301    11.440    11.440    11.440    11.194    11.440    11.439    11.440
Pacajus                                       11.440    11.437    11.440    11.389    10.301    11.440    11.440    11.440    11.194    11.440    11.439    11.440
Pacajus                                       11.440    11.437    11.440    11.389    10.301    11.440    11.440    11.440    11.194    11.440    11.439    11.440
Pacajus                                       11.440    11.437    11.440    11.389    10.301    11.440    11.440    11.440    11.194    11.440    11.439    11.440
Pacajus                                       11.440    11.437    11.440    11.389    10.301    11.440    11.440    11.440    11.194    11.440    11.439    11.440
Pacajus                                       11.440    11.437    11.440    11.389    10.301    11.440    11.440    11.440    11.194    11.440    11.439    11.440
Pacajus                                       11.440    11.437    11.440    11.389    10.301    11.440    11.440    11.440    11.194    11.440    11.439    11.440
Pacajus                                       11.440    11.437    11.440    11.389    10.301    11.440    11.440    11.440    11.194    11.440    11.439    11.440
Pacajus                                       11.440    11.437    11.440    11.389    10.301    11.440    11.440    11.440    11.194    11.440    11.439    11.440
Pacajus                                       11.440    11.437    11.440    11.389    10.301    11.440    11.440    11.440    11.194    11.440    11.439    11.440
Pacajus                                       11.440    11.437    11.440    11.389    10.301    11.440    11.440    11.440    11.194    11.440    11.439    11.440
Pacajus                                       11.440    11.437    11.440    11.389    10.301    11.440    11.440    11.440    11.194    11.440    11.439    11.440
Pacajus                                       11.440    11.437    11.440    11.389    10.301    11.440    11.440    11.440    11.194    11.440    11.439    11.440
Pacajus                                       11.440    11.437    11.440    11.389    10.301    11.440    11.440    11.440    11.194    11.440    11.439    11.440
Pacajus                                       11.440    11.437    11.440    11.389    10.301    11.440    11.440    11.440    11.194    11.440    11.439    11.440
Pacajus                                       11.440    11.437    11.440    11.389    10.301    11.440    11.440    11.440    11.194    11.440    11.439    11.440
Pacajus                                       11.440    11.437    11.440    11.389    10.301    11.440    11.440    11.440    11.194    11.440    11.439    11.440
Pacajus                                       11.440    11.437    11.440    11.389    10.301    11.440    11.440    11.440    11.194    11.440    11.439    11.440
Pacajus                                       11.440    11.437    11.440    11.389    10.301    11.440    11.440    11.440    11.194    11.440    11.439    11.440
Pacajus                                       11.440    11.437    11.440    11.389    10.301    11.440    11.440    11.440    11.194    11.440    11.439    11.440
Pacajus                                       11.440    11.437    11.440    11.389    10.301    11.440    11.440    11.440    11.194    11.440    11.439    11.440
Pacajus                                       11.440    11.437    11.440    11.389    10.301    11.440    11.440    11.440    11.194    11.440    11.439    11.440
Pacajus                                       11.440    11.437    11.440    11.389    10.301    11.440    11.440    11.440    11.194    11.440    11.439    11.440
Pacajus                                       11.440    11.437    11.440    11.389    10.301    11.440    11.440    11.440    11.194    11.440    11.439    11.440
Pacajus                                       11.440    11.437    11.440    11.389    10.301    11.440    11.440    11.440    11.194    11.440    11.439    11.440
Pacajus                                       11.440    11.437    11.440    11.389    10.301    11.440    11.440    11.440    11.194    11.440    11.439    11.440
Pacajus                                       11.440    11.437    11.440    11.389    10.301    11.440    11.440    11.440    11.194    11.440    11.439    11.440
Pacajus                                       11.440    11.437    11.440    11.389    10.301    11.440    11.440    11.440    11.194    11.440    11.439    11.440
Pacajus                                       11.440    11.437    11.440    11.389    10.301    11.440    11.440    11.440    11.194    11.440    11.439    11.440
Pacajus                                       11.440    11.437    11.440    11.389    10.301    11.440    11.440    11.440    11.194    11.440    11.439    11.440
Pacajus                                       11.440    11.437    11.440    11.389    10.301    11.440    11.440    11.440    11.194    11.440    11.439    11.440
Pacajus                                       11.440    11.437    11.440    11.389    10.301    11.440    11.440    11.440    11.194    11.440    11.439    11.440
Pacajus                                       11.440    11.437    11.440    11.389    10.301    11.440    11.440    11.440    11.194    11.440    11.439    11.440
Pacajus                                       11.440    11.437    11.440    11.389    10.301    11.440    11.440    11.440    11.194    11.440    11.439    11.440
Pacajus                                       11.440    11.437    11.440    11.389    10.301    11.440    11.440    11.440    11.194    11.440    11.439    11.440
Pacajus                                       11.440    11.437    11.440    11.389    10.301    11.440    11.440    11.440    11.194    11.440    11.439    11.440
Pacajus                                       11.440    11.437    11.440    11.389    10.301    11.440    11.440    11.440    11.194    11.440    11.439    11.440
Pacajus                                       11.440    11.437    11.440    11.389    10.301    11.440    11.440    11.440    11.194    11.440    11.439    11.440
Pacajus                                       11.440    11.437    11.440    11.389    10.301    11.440    11.440    11.440    11.194    11.440    11.439    11.440
Pacajus                                       11.440    11.437    11.440    11.389    10.301    11.440    11.440    11.440    11.194    11.440    11.439    11.440
Pacajus                                       11.440    11.437    11.440    11.389    10.301    11.440    11.440    11.440    11.194    11.440    11.439    11.440
Pacajus                                       11.440    11.437    11.440    11.389    10.301    11.440    11.440    11.440    11.194    11.440    11.439    11.440
Pacajus                                       11.440    11.437    11.440    11.389    10.301    11.440    11.440    11.440    11.194    11.440    11.439    11.440
Pacajus                                       11.440    11.437    11.440    11.389    10.301    11.440    11.440    11.440    11.194    11.440    11.439    11.440
Pacajus                                       11.440    11.437    11.440    11.389    10.301    11.440    11.440    11.440    11.194    11.440    11.439    11.440
Pacajus                                       11.440    11.437    11.440    11.389    10.301    11.440    11.440    11.440    11.194    11.440    11.439    11.440
Pacajus                                       11.440    11.437    11.440    11.389    10.301    11.440    11.440    11.440    11.194    11.440    11.439    11.440
Pacajus                                       11.440    11.437    11.440    11.389    10.301    11.440    11.440    11.440    11.194    11.440    11.439    11.440
Pacajus                                       11.440    11.437    11.440    11.389    10.301    11.440    11.440    11.440    11.194    11.440    11.439    11.440
Pacajus                                       11.440    11.437    11.440    11.389    10.301    11.440    11.440    11.440    11.194    11.440    11.439    11.440
Pacajus                                       11.440    11.437    11.440    11.389    10.301    11.440    11.440    11.440    11.194    11.440    11.439    11.440
Pacajus                                       11.440    11.437    11.440    11.389    10.301    11.440    11.440    11.440    11.194    11.440    11.439    11.440
Pacajus                                       11.440    11.437    11.440    11.389    10.301    11.440    11.440    11.440    11.194    11.440    11.439    11.440
Pacajus                                       11.440    11.437    11.440    11.389    10.301    11.440    11.440    11.440    11.194    11.440    11.439    11.440
Pacajus                                       11.440    11.437    11.440    11.389    10.301    11.440    11.440    11.440    11.194    11.440    11.439    11.440
Pacajus                                       11.440    11.437    11.440    11.389    10.301    11.440    11.440    11.440    11.194    11.440    11.439    11.440
Pacajus                                       11.440    11.437    11.440    11.389    10.301    11.440    11.440    11.440    11.194    11.440    11.439    11.440
Pacajus                                       11.440    11.437    11.440    11.389    10.301    11.440    11.440    11.440    11.194    11.440    11.439    11.440
Pacajus                                       11.440    11.437    11.440    11.389    10.301    11.440    11.440    11.440    11.194    11.440    11.439    11.440
Pacajus                                       11.440    11.437    11.440    11.389    10.301    11.440    11.440    11.440    11.194    11.440    11.439    11.440
Pacajus                                       11.440    11.437    11.440    11.389    10.301    11.440    11.440    11.440    11.194    11.440    11.439    11.440
Pacajus                                       11.440    11.437    11.440    11.389    10.301    11.440    11.440    11.440    11.194    11.440    11.439    11.440
Pacajus                                       11.440    11.437    11.440    11.389    10.301    11.440    11.440    11.440    11.194    11.440    11.439    11.440
Pacajus                                       11.440    11.437    11.440    11.389    10.301    11.440    11.440    11.440    11.194    11.440    11.439    11.440
Pacajus                                       11.440    11.437    11.440    11.389    10.301    11.440    11.440    11.440    11.194    11.440    11.439    11.440
Pacajus                                       11.440    11.437    11.440    11.389    10.301    11.440    11.440    11.440    11.194    11.440    11.439    11.440
Pacajus                                       11.440    11.437    11.440    11.389    10.301    11.440    11.440    11.440    11.194    11.440    11.439    11.440
Pacajus                                       11.440    11.437    11.440    11.389    10.301    11.440    11.440    11.440    11.194    11.440    11.439    11.440
Pacoti                                        21.906    21.906    21.906    21.906    21.906    21.870    21.906    21.906    21.906    21.906    21.906    21.906
Pacoti                                        21.906    21.906    21.906    21.906    21.906    21.870    21.906    21.906    21.906    21.906    21.906    21.906
Pacoti                                        21.906    21.906    21.906    21.906    21.906    21.870    21.906    21.906    21.906    21.906    21.906    21.906
Pacoti                                        21.906    21.906    21.906    21.906    21.906    21.870    21.906    21.906    21.906    21.906    21.906    21.906
Pacoti                                        21.906    21.906    21.906    21.906    21.906    21.870    21.906    21.906    21.906    21.906    21.906    21.906
Pacoti                                        21.906    21.906    21.906    21.906    21.906    21.870    21.906    21.906    21.906    21.906    21.906    21.906
Pacoti                                        21.906    21.906    21.906    21.906    21.906    21.870    21.906    21.906    21.906    21.906    21.906    21.906
Pacoti                                        21.906    21.906    21.906    21.906    21.906    21.870    21.906    21.906    21.906    21.906    21.906    21.906
Pacoti                                        21.906    21.906    21.906    21.906    21.906    21.870    21.906    21.906    21.906    21.906    21.906    21.906
Pacoti                                        21.906    21.906    21.906    21.906    21.906    21.870    21.906    21.906    21.906    21.906    21.906    21.906
Pacoti                                        21.906    21.906    21.906    21.906    21.906    21.870    21.906    21.906    21.906    21.906    21.906    21.906
Pacoti                                        21.906    21.906    21.906    21.906    21.906    21.870    21.906    21.906    21.906    21.906    21.906    21.906
Pacoti                                        21.906    21.906    21.906    21.906    21.906    21.870    21.906    21.906    21.906    21.906    21.906    21.906
Pacoti                                        21.906    21.906    21.906    21.906    21.906    21.870    21.906    21.906    21.906    21.906    21.906    21.906
Pacoti                                        21.906    21.906    21.906    21.906    21.906    21.870    21.906    21.906    21.906    21.906    21.906    21.906
Pacoti                                        21.906    21.906    21.906    21.906    21.906    21.870    21.906    21.906    21.906    21.906    21.906    21.906
Pacoti                                        21.906    21.906    21.906    21.906    21.906    21.870    21.906    21.906    21.906    21.906    21.906    21.906
Pacoti                                        21.906    21.906    21.906    21.906    21.906    21.870    21.906    21.906    21.906    21.906    21.906    21.906
Pacoti                                        21.906    21.906    21.906    21.906    21.906    21.870    21.906    21.906    21.906    21.906    21.906    21.906
Pacoti                                        21.906    21.906    21.906    21.906    21.906    21.870    21.906    21.906    21.906    21.906    21.906    21.906
Pacoti                                        21.906    21.906    21.906    21.906    21.906    21.870    21.906    21.906    21.906    21.906    21.906    21.906
Pacoti                                        21.906    21.906    21.906    21.906    21.906    21.870    21.906    21.906    21.906    21.906    21.906    21.906
Pacoti                                        21.906    21.906    21.906    21.906    21.906    21.870    21.906    21.906    21.906    21.906    21.906    21.906
Pacoti                                        21.906    21.906    21.906    21.906    21.906    21.870    21.906    21.906    21.906    21.906    21.906    21.906
Pacoti                                        21.906    21.906    21.906    21.906    21.906    21.870    21.906    21.906    21.906    21.906    21.906    21.906
Pacoti                                        21.906    21.906    21.906    21.906    21.906    21.870    21.906    21.906    21.906    21.906    21.906    21.906
Pacoti                                        21.906    21.906    21.906    21.906    21.906    21.870    21.906    21.906    21.906    21.906    21.906    21.906
Pacoti                                        21.906    21.906    21.906    21.906    21.906    21.870    21.906    21.906    21.906    21.906    21.906    21.906
Pacoti                                        21.906    21.906    21.906    21.906    21.906    21.870    21.906    21.906    21.906    21.906    21.906    21.906
Pacoti                                        21.906    21.906    21.906    21.906    21.906    21.870    21.906    21.906    21.906    21.906    21.906    21.906
Pacoti                                        21.906    21.906    21.906    21.906    21.906    21.870    21.906    21.906    21.906    21.906    21.906    21.906
Pacoti                                        21.906    21.906    21.906    21.906    21.906    21.870    21.906    21.906    21.906    21.906    21.906    21.906
Pacoti                                        21.906    21.906    21.906    21.906    21.906    21.870    21.906    21.906    21.906    21.906    21.906    21.906
Pacoti                                        21.906    21.906    21.906    21.906    21.906    21.870    21.906    21.906    21.906    21.906    21.906    21.906
Pacoti                                        21.906    21.906    21.906    21.906    21.906    21.870    21.906    21.906    21.906    21.906    21.906    21.906
Pacoti                                        21.906    21.906    21.906    21.906    21.906    21.870    21.906    21.906    21.906    21.906    21.906    21.906
Pacoti                                        21.906    21.906    21.906    21.906    21.906    21.870    21.906    21.906    21.906    21.906    21.906    21.906
Pacoti                                        21.906    21.906    21.906    21.906    21.906    21.870    21.906    21.906    21.906    21.906    21.906    21.906
Pacoti                                        21.906    21.906    21.906    21.906    21.906    21.870    21.906    21.906    21.906    21.906    21.906    21.906
Pacoti                                        21.906    21.906    21.906    21.906    21.906    21.870    21.906    21.906    21.906    21.906    21.906    21.906
Pacoti                                        21.906    21.906    21.906    21.906    21.906    21.870    21.906    21.906    21.906    21.906    21.906    21.906
Pacoti                                        21.906    21.906    21.906    21.906    21.906    21.870    21.906    21.906    21.906    21.906    21.906    21.906
Pacoti                                        21.906    21.906    21.906    21.906    21.906    21.870    21.906    21.906    21.906    21.906    21.906    21.906
Pacoti                                        21.906    21.906    21.906    21.906    21.906    21.870    21.906    21.906    21.906    21.906    21.906    21.906
Pacoti                                        21.906    21.906    21.906    21.906    21.906    21.870    21.906    21.906    21.906    21.906    21.906    21.906
Pacoti                                        21.906    21.906    21.906    21.906    21.906    21.870    21.906    21.906    21.906    21.906    21.906    21.906
Pacoti                                        21.906    21.906    21.906    21.906    21.906    21.870    21.906    21.906    21.906    21.906    21.906    21.906
Pacoti                                        21.906    21.906    21.906    21.906    21.906    21.870    21.906    21.906    21.906    21.906    21.906    21.906
Pacoti                                        21.906    21.906    21.906    21.906    21.906    21.870    21.906    21.906    21.906    21.906    21.906    21.906
Pacoti                                        21.906    21.906    21.906    21.906    21.906    21.870    21.906    21.906    21.906    21.906    21.906    21.906
Pacoti                                        21.906    21.906    21.906    21.906    21.906    21.870    21.906    21.906    21.906    21.906    21.906    21.906
Pacoti                                        21.906    21.906    21.906    21.906    21.906    21.870    21.906    21.906    21.906    21.906    21.906    21.906
Pacoti                                        21.906    21.906    21.906    21.906    21.906    21.870    21.906    21.906    21.906    21.906    21.906    21.906
Pacoti                                        21.906    21.906    21.906    21.906    21.906    21.870    21.906    21.906    21.906    21.906    21.906    21.906
Pacoti                                        21.906    21.906    21.906    21.906    21.906    21.870    21.906    21.906    21.906    21.906    21.906    21.906
Pacoti                                        21.906    21.906    21.906    21.906    21.906    21.870    21.906    21.906    21.906    21.906    21.906    21.906
Pacoti                                        21.906    21.906    21.906    21.906    21.906    21.870    21.906    21.906    21.906    21.906    21.906    21.906
Pacoti                                        21.906    21.906    21.906    21.906    21.906    21.870    21.906    21.906    21.906    21.906    21.906    21.906
Pacoti                                        21.906    21.906    21.906    21.906    21.906    21.870    21.906    21.906    21.906    21.906    21.906    21.906
Pacoti                                        21.906    21.906    21.906    21.906    21.906    21.870    21.906    21.906    21.906    21.906    21.906    21.906
Pacoti                                        21.906    21.906    21.906    21.906    21.906    21.870    21.906    21.906    21.906    21.906    21.906    21.906
Pacoti                                        21.906    21.906    21.906    21.906    21.906    21.870    21.906    21.906    21.906    21.906    21.906    21.906
Pacoti                                        21.906    21.906    21.906    21.906    21.906    21.870    21.906    21.906    21.906    21.906    21.906    21.906
Pacoti                                        21.906    21.906    21.906    21.906    21.906    21.870    21.906    21.906    21.906    21.906    21.906    21.906
Pacoti                                        21.906    21.906    21.906    21.906    21.906    21.870    21.906    21.906    21.906    21.906    21.906    21.906
Pacoti                                        21.906    21.906    21.906    21.906    21.906    21.870    21.906    21.906    21.906    21.906    21.906    21.906
Pacoti                                        21.906    21.906    21.906    21.906    21.906    21.870    21.906    21.906    21.906    21.906    21.906    21.906
Pacoti                                        21.906    21.906    21.906    21.906    21.906    21.870    21.906    21.906    21.906    21.906    21.906    21.906
Pacoti                                        21.906    21.906    21.906    21.906    21.906    21.870    21.906    21.906    21.906    21.906    21.906    21.906
Pacoti                                        21.906    21.906    21.906    21.906    21.906    21.870    21.906    21.906    21.906    21.906    21.906    21.906
Pacoti                                        21.906    21.906    21.906    21.906    21.906    21.870    21.906    21.906    21.906    21.906    21.906    21.906
Pacoti                                        21.906    21.906    21.906    21.906    21.906    21.870    21.906    21.906    21.906    21.906    21.906    21.906
Pacoti                                        21.906    21.906    21.906    21.906    21.906    21.870    21.906    21.906    21.906    21.906    21.906    21.906
Pacoti                                        21.906    21.906    21.906    21.906    21.906    21.870    21.906    21.906    21.906    21.906    21.906    21.906
Pacoti                                        21.906    21.906    21.906    21.906    21.906    21.870    21.906    21.906    21.906    21.906    21.906    21.906
Pacoti                                        21.906    21.906    21.906    21.906    21.906    21.870    21.906    21.906    21.906    21.906    21.906    21.906
Pacoti                                        21.906    21.906    21.906    21.906    21.906    21.870    21.906    21.906    21.906    21.906    21.906    21.906
Pacoti                                        21.906    21.906    21.906    21.906    21.906    21.870    21.906    21.906    21.906    21.906    21.906    21.906
Pacoti                                        21.906    21.906    21.906    21.906    21.906    21.870    21.906    21.906    21.906    21.906    21.906    21.906
Pacoti                                        21.906    21.906    21.906    21.906    21.906    21.870    21.906    21.906    21.906    21.906    21.906    21.906
Pacoti                                        21.906    21.906    21.906    21.906    21.906    21.870    21.906    21.906    21.906    21.906    21.906    21.906
Pacoti                                        21.906    21.906    21.906    21.906    21.906    21.870    21.906    21.906    21.906    21.906    21.906    21.906
Pacoti                                        21.906    21.906    21.906    21.906    21.906    21.870    21.906    21.906    21.906    21.906    21.906    21.906
Pacoti                                        21.906    21.906    21.906    21.906    21.906    21.870    21.906    21.906    21.906    21.906    21.906    21.906
Pacoti                                        21.906    21.906    21.906    21.906    21.906    21.870    21.906    21.906    21.906    21.906    21.906    21.906
Pacoti                                        21.906    21.906    21.906    21.906    21.906    21.870    21.906    21.906    21.906    21.906    21.906    21.906
Pacoti                                        21.906    21.906    21.906    21.906    21.906    21.870    21.906    21.906    21.906    21.906    21.906    21.906
Pacoti                                        21.906    21.906    21.906    21.906    21.906    21.870    21.906    21.906    21.906    21.906    21.906    21.906
Pacoti                                        21.906    21.906    21.906    21.906    21.906    21.870    21.906    21.906    21.906    21.906    21.906    21.906
Pacoti                                        21.906    21.906    21.906    21.906    21.906    21.870    21.906    21.906    21.906    21.906    21.906    21.906
Pacoti                                        21.906    21.906    21.906    21.906    21.906    21.870    21.906    21.906    21.906    21.906    21.906    21.906
Pacoti                                        21.906    21.906    21.906    21.906    21.906    21.870    21.906    21.906    21.906    21.906    21.906    21.906
Pacoti                                        21.906    21.906    21.906    21.906    21.906    21.870    21.906    21.906    21.906    21.906    21.906    21.906
Pacoti                                        21.906    21.906    21.906    21.906    21.906    21.870    21.906    21.906    21.906    21.906    21.906    21.906
Pacoti                                        21.906    21.906    21.906    21.906    21.906    21.870    21.906    21.906    21.906    21.906    21.906    21.906
Pacoti                                        21.906    21.906    21.906    21.906    21.906    21.870    21.906    21.906    21.906    21.906    21.906    21.906
Pacoti                                        21.906    21.906    21.906    21.906    21.906    21.870    21.906    21.906    21.906    21.906    21.906    21.906
Pacoti                                        21.906    21.906    21.906    21.906    21.906    21.870    21.906    21.906    21.906    21.906    21.906    21.906
Pacoti                                        21.906    21.906    21.906    21.906    21.906    21.870    21.906    21.906    21.906    21.906    21.906    21.906
Pacoti                                        21.906    21.906    21.906    21.906    21.906    21.870    21.906    21.906    21.906    21.906    21.906    21.906
