Oros Hydropower                                   474209.992        412335.218        849449.092       1255472.061        507262.889       1250138.082       1198109.974       1142174.031       1080849.589        959848.106        965098.735        364951.405
Oros Hydropower                                   469664.603        387474.070        441632.734        420976.470        167468.622        403453.028        375507.679        348704.159        320760.640        276520.312        269244.514         99299.561
Oros Hydropower                                   468762.431        390674.880        476578.300        481753.823        191903.200        461991.623        431446.104        402353.642        371887.789        322256.914        315583.508        116923.006
Oros Hydropower                                   481276.279        405616.695        473971.676        472159.070        191578.751        465703.798        436992.451        408490.546        377929.052        327666.982        321068.553        119010.077
Oros Hydropower                                   468762.431        381517.992        442546.125        491409.280        225531.904        563741.065        533455.682        501269.488        466344.707        406886.249        401460.948        149620.915
Oros Hydropower                                   470717.704        385644.970        434414.517        405992.216        160518.784        391207.165        363846.185        337477.819        310087.555        267006.863        259611.426         95637.880
Oros Hydropower                                   470705.973        385080.196        431741.351        401056.185        154715.453        368227.461        341471.245        315998.345        289593.322        248660.386        241044.525         88582.708
Oros Hydropower                                   468762.431        381517.992        428295.464        398673.483        153759.056        365898.956        339238.379        313857.439        287555.213        246839.604        239202.445         87882.906
Oros Hydropower                                   553995.465        646841.015       1079748.218       1255472.061        507262.889       1271239.835       1255417.819       1213445.651       1149373.986       1021678.645       1028300.507        389148.453
Oros Hydropower                                   494246.542        498464.898        662883.612        638287.309        279236.095        744730.411        703520.618        664247.869        622228.526        546827.145        543756.055        203882.747
Oros Hydropower                                   468762.431        381517.992        682415.331       1042605.735        452964.178       1096393.954       1042950.247        992018.867        936579.343        829759.047        832216.996        314104.167
Oros Hydropower                                   468762.431        381517.992        464881.917        475647.990        188407.748        457344.999        428845.063        399855.072        369504.560        320123.632        313420.859        116100.170
Oros Hydropower                                   468762.431        392624.433        461912.221        452348.047        180675.330        431826.742        402482.895        374538.344        345363.355        298520.458        291526.779        107771.834
Oros Hydropower                                   471171.424        420589.096        600077.864        694184.727        293366.367        728856.400        701002.816        664605.917        622571.380        547135.248        544069.672        204002.435
Oros Hydropower                                   469408.720        383979.483        494140.819        548344.467        232135.025        585809.973        558798.255        529027.235        494133.038        432309.128        427579.355        159680.891
Oros Hydropower                                   468762.431        381517.992        426868.939        397104.922        153604.686        365523.316        338878.272        313512.173        287226.536        246545.984        238905.401         93919.657
Oros Hydropower                                   469625.208        383560.147        432644.821        419525.212        170387.987        413950.681        387501.716        360246.277        331740.619        286335.070        279182.735        103077.794
Oros Hydropower                                   468762.431        381517.992        426868.939        397104.922        153604.686        365523.316        338878.272        313512.173        287226.536        246545.984        238905.401         93919.657
Oros Hydropower                                   468863.939        381688.418        491302.921        534713.824        214440.816        521044.181        490591.487        459965.893        426871.650        371502.319        365536.469        135937.323
Oros Hydropower                                   468762.431        381517.992        442311.778        427046.900        165451.333        394356.410        366527.438        340030.149        312478.720        269112.240        261742.755         96447.942
Oros Hydropower                                   471171.424        420589.096        600077.864        694184.727        293366.367        728856.400        701002.816        664605.917        622571.380        547135.248        544069.672        204002.435
Oros Hydropower                                   478691.073        410040.314        645635.922        844205.287        360951.424        897716.190        851642.960        807170.446        759187.509        669996.099        669225.723        251794.175
Oros Hydropower                                   468936.496        402185.984        539556.455        588952.055        237430.173        572387.052        538530.792        505720.299        470854.358        411133.521        405971.296        151416.356
Oros Hydropower                                   469779.215        390013.670        490899.031        565027.406        257791.167        656257.410        624235.585        589781.038        551640.739        483711.000        479727.421        179507.869
Oros Hydropower                                   468883.786        383283.185        433460.682        416274.944        166052.193        397870.658        370001.054        343362.810        315653.454        271950.336        264616.044         97540.063
Oros Hydropower                                   471747.956        389520.684        441233.776        418965.068        164950.092        393465.747        365673.101        339210.519        311697.968        268414.311        261036.209         96633.134
Oros Hydropower                                   468762.431        381517.992        426989.547        415183.421        184394.444        484332.419        454812.386        424804.602        393307.541        341434.899        335030.440        124323.499
Oros Hydropower                                   469018.820        382331.140        519376.395        682627.868        310177.227        748061.501        706731.292        667343.677        625193.009        549491.200        546467.832        204935.324
Oros Hydropower                                   469408.720        383979.483        494140.819        548344.467        232135.025        585809.973        558798.255        529027.235        494133.038        432309.128        427579.355        159680.891
Oros Hydropower                                   472395.594        388622.338        440583.196        499886.480        240613.359        605476.470        574506.414        542729.810        506843.857        443336.906        438518.509        163747.961
Oros Hydropower                                   468762.431        392624.433        461912.221        452348.047        180675.330        431826.742        402482.895        374538.344        345363.355        298520.458        291526.779        107771.834
Oros Hydropower                                   468762.431        578535.167       1047808.990       1197520.785        507262.889       1257051.703       1211535.675       1155105.989       1093280.998        971063.259        976560.633        369339.057
Oros Hydropower                                   468762.431        385016.584        465651.923        557685.461        257576.795        620792.013        584140.401        549217.253        512155.784        447980.119        443212.585        165532.608
Oros Hydropower                                   468762.431        381517.992        426868.939        397104.922        153604.686        365523.316        338878.272        313512.173        287226.536        246545.984        238905.401         93919.657
Oros Hydropower                                   468762.431        381517.992        504624.317        561207.123        225560.994        549176.541        515402.010        483061.595        448929.320        391272.028        385605.096        143580.558
Oros Hydropower                                   468863.939        381688.418        491302.921        534713.824        214440.816        521044.181        490591.487        459965.893        426871.650        371502.319        365536.469        135937.323
Oros Hydropower                                   472395.594        388622.338        440583.196        499886.480        240613.359        605476.470        574506.414        542729.810        506843.857        443336.906        438518.509        163747.961
Oros Hydropower                                   503499.321        472584.708        657209.466        831546.519        378197.640        913532.494        866338.866        821360.696        772795.864        682243.501        681711.603        256564.794
Oros Hydropower                                   475121.265        451087.257        833389.360       1171670.153        507262.889       1270689.971       1240513.554       1186075.635       1123973.017        999024.014       1005214.419        380325.282
Oros Hydropower                                   468762.431        382879.349        434503.198        435708.261        181089.842        440533.932        415680.097        387210.601        357445.630        309331.068        302481.466        116692.947
Oros Hydropower                                   468762.431        394274.423        493945.303        528882.561        217976.164        522319.994        489414.151        458067.347        425058.814        369877.864        363887.813        135309.527
Oros Hydropower                                   469676.650        390242.833        493705.692        546123.180        227694.700        546915.912        513062.795        480811.412        446779.902        389345.228        383648.812        142835.398
Oros Hydropower                                   476151.509        396937.368        491673.195        558572.136        245803.196        607390.419        575835.997        541963.996        505425.170        442030.739        437219.188        163261.722
Oros Hydropower                                   468762.431        381517.992        504624.317        561207.123        225560.994        549176.541        515402.010        483061.595        448929.320        391272.028        385605.096        143580.558
Oros Hydropower                                   476151.509        396937.368        491673.195        558572.136        245803.196        607390.419        575835.997        541963.996        505425.170        442030.739        437219.188        163261.722
Oros Hydropower                                   503499.321        472584.708        657209.466        831546.519        378197.640        913532.494        866338.866        821360.696        772795.864        682243.501        681711.603        256564.794
Oros Hydropower                                   468762.431        381517.992        450508.755        732556.789        468367.878       1271182.412       1248222.391       1203956.499       1145215.085       1018462.779       1025012.678        407951.100
Oros Hydropower                                   468762.431        390540.650        499184.576        549501.208        231703.045        569503.217        535761.503        502649.474        467643.295        408050.713        402643.621        150152.896
Oros Hydropower                                   468762.431        390540.650        499184.576        549501.208        231703.045        569503.217        535761.503        502649.474        467643.295        408050.713        402643.621        150152.896
Oros Hydropower                                   468762.431        381517.992        427986.117        503998.761        247598.185        611226.393        576052.391        541429.920        504710.053        441299.120        436422.585        162944.327
Oros Hydropower                                   468762.431        381517.992        428295.464        398673.483        153759.056        365898.956        339238.379        313857.439        287555.213        246839.604        239202.445         87882.906
Oros Hydropower                                   468762.431        383208.985        432890.517        521442.499        269117.452        693573.191        663744.170        628807.622        589349.560        517286.580        513693.004        192909.884
Oros Hydropower                                   468762.431        381517.992        442311.778        427046.900        165451.333        394356.410        366527.438        340030.149        312478.720        269112.240        261742.755         96447.942
Oros Hydropower                                   468883.786        383283.185        433460.682        416274.944        166052.193        397870.658        370001.054        343362.810        315653.454        271950.336        264616.044         97540.063
Oros Hydropower                                   474012.842        463780.737        747644.260       1050676.333        507262.889       1264107.962       1233209.501       1184832.558       1123139.589        998270.110       1004369.738        379985.553
Oros Hydropower                                   468762.431        381517.992        426899.169        396053.270        152841.982        363893.334        337315.724        312014.058        285800.433        245272.021        237616.612         87280.476
Oros Hydropower                                   468762.431        381517.992        464881.917        475647.990        188407.748        457344.999        428845.063        399855.072        369504.560        320123.632        313420.859        116100.170
Oros Hydropower                                   478691.073        410040.314        645635.922        844205.287        360951.424        897716.190        851642.960        807170.446        759187.509        669996.099        669225.723        251794.175
Oros Hydropower                                   476151.509        396937.368        491673.195        558572.136        245803.196        607390.419        575835.997        541963.996        505425.170        442030.739        437219.188        163261.722
Oros Hydropower                                   469664.603        387474.070        441632.734        420976.470        167468.622        403453.028        375507.679        348704.159        320760.640        276520.312        269244.514         99299.561
Oros Hydropower                                   468848.321        453020.727        646695.939        685083.794        280817.777        682349.527        645339.565        608166.813        568544.854        498600.550        494683.038        185159.536
Oros Hydropower                                   474566.921        399352.441        467916.863        451864.298        183863.101        458133.938        430838.470        403294.998        373269.017        323645.938        317127.273        117557.166
Oros Hydropower                                   471747.956        389520.684        441233.776        418965.068        164950.092        393465.747        365673.101        339210.519        311697.968        268414.311        261036.209         96633.134
Oros Hydropower                                   468762.431        390540.650        499184.576        549501.208        231703.045        569503.217        535761.503        502649.474        467643.295        408050.713        402643.621        150152.896
Oros Hydropower                                   468762.431        400529.711        565735.535        654504.704        267158.620        646289.641        610070.477        574652.071        536480.450        469811.494        465405.443        176988.061
Oros Hydropower                                   468762.431        390674.880        476578.300        481753.823        191903.200        461991.623        431446.104        402353.642        371887.789        322256.914        315583.508        116923.006
Oros Hydropower                                   468762.431        381517.992        428295.464        398673.483        153759.056        365898.956        339238.379        313857.439        287555.213        246839.604        239202.445         87882.906
Oros Hydropower                                   468762.431        390674.880        476578.300        481753.823        191903.200        461991.623        431446.104        402353.642        371887.789        322256.914        315583.508        116923.006
Oros Hydropower                                   468936.496        402185.984        539556.455        588952.055        237430.173        572387.052        538530.792        505720.299        470854.358        411133.521        405971.296        151416.356
Oros Hydropower                                   468762.431        382659.563        438189.881        444099.933        184612.426        443932.006        414154.401        385745.429        356048.507        308080.846        301214.426        111456.519
Oros Hydropower                                   468762.431        381744.108        430861.312        482445.980        234809.191        602243.122        570145.024        536986.529        500775.786        437893.677        433068.601        161671.086
Oros Hydropower                                   468762.431        381517.992        426896.305        396134.390        152816.170        363604.602        337038.942        311748.696        285547.833        245046.374        237388.345         87193.763
Oros Hydropower                                   470066.772        431523.756        641054.602        970493.012        502312.421       1219152.608       1161624.160       1106805.567       1046854.985        935689.956        959772.746        421995.828
Oros Hydropower                                   468762.431        381517.992        426899.169        412644.476        180155.127        472316.683        447429.415        417709.843        386537.661        335372.651        328882.232        121983.542
Oros Hydropower                                   468762.431        381517.992        427986.117        503998.761        247598.185        611226.393        576052.391        541429.920        504710.053        441299.120        436422.585        162944.327
Oros Hydropower                                   468762.431        381517.992        442311.778        427046.900        165451.333        394356.410        366527.438        340030.149        312478.720        269112.240        261742.755         96447.942
Oros Hydropower                                   468762.431        385800.518        437990.724        408323.141        157793.998        375718.171        348652.601        322884.699        296149.778        254518.396        246971.778         90834.662
Oros Hydropower                                   468762.431        385800.518        437990.724        408323.141        157793.998        375718.171        348652.601        322884.699        296149.778        254518.396        246971.778         90834.662
Oros Hydropower                                   468762.431        381517.992        435611.125        432532.707        175090.080        417824.162        389043.433        361636.847        333065.878        287520.330        280383.249        105042.458
Oros Hydropower                                   481276.279        405616.695        473971.676        472159.070        191578.751        465703.798        436992.451        408490.546        377929.052        327666.982        321068.553        119010.077
Oros Hydropower                                   470839.917        398590.561        472309.758        453973.997        177786.430        424945.675        395878.119        368197.514        339318.957        293113.337        286048.758        105688.579
Oros Hydropower                                   537253.011        576963.881        796127.463        802325.489        314686.576        758541.220        716832.840        677084.497        634521.286        557874.727        555002.169        208174.896
Oros Hydropower                                   468762.431        385016.584        465651.923        557685.461        257576.795        620792.013        584140.401        549217.253        512155.784        447980.119        443212.585        165532.608
Oros Hydropower                                   468762.431        381517.992        522964.638        736874.559        367461.667        946684.075        919806.939        873694.613        822998.092        727438.069        727799.833        274178.190
Oros Hydropower                                   468762.431        381517.992        450508.755        732556.789        468367.878       1271182.412       1248222.391       1203956.499       1145215.085       1018462.779       1025012.678        407951.100
Oros Hydropower                                   469625.208        383560.147        432644.821        419525.212        170387.987        413950.681        387501.716        360246.277        331740.619        286335.070        279182.735        103077.794
Oros Hydropower                                   468762.431        383342.468        448626.578        451689.637        183304.635        442401.427        413834.720        385873.304        356499.500        308799.542        302291.771        111934.712
Oros Hydropower                                   468762.431        578535.167       1047808.990       1197520.785        507262.889       1257051.703       1211535.675       1155105.989       1093280.998        971063.259        976560.633        369339.057
Oros Hydropower                                   468762.431        418809.470        549305.658        617592.368        273411.990        667359.860        628976.953        592401.401        553459.967        485502.254        481823.749        180254.875
Oros Hydropower                                   468762.431        417428.886        515563.286        488464.175        190590.414        455577.857        425286.577        396436.970        366244.440        317205.599        310462.838        114974.765
Oros Hydropower                                   469455.921        384015.645        456760.436        510795.908        225738.311        547516.100        514672.097        482581.094        448490.035        390878.235        385205.271        143428.261
Oros Hydropower                                   469625.208        383560.147        432644.821        419525.212        170387.987        413950.681        387501.716        360246.277        331740.619        286335.070        279182.735        103077.794
Oros Hydropower                                   468762.431        381517.992        504624.317        561207.123        225560.994        549176.541        515402.010        483061.595        448929.320        391272.028        385605.096        143580.558
Oros Hydropower                                   474012.842        463780.737        747644.260       1050676.333        507262.889       1264107.962       1233209.501       1184832.558       1123139.589        998270.110       1004369.738        379985.553
Oros Hydropower                                   537253.011        576963.881        796127.463        802325.489        314686.576        758541.220        716832.840        677084.497        634521.286        557874.727        555002.169        208174.896
Oros Hydropower                                   468762.431        384249.272        451584.816        442346.325        173455.651        415262.638        386585.300        359277.489        330817.357        285509.362        278346.424        102759.814
Oros Hydropower                                   468762.431        418809.470        549305.658        617592.368        273411.990        667359.860        628976.953        592401.401        553459.967        485502.254        481823.749        180254.875
Oros Hydropower                                   468762.431        394645.305        500538.476        513291.961        205398.441        505511.096        476455.217        447169.420        414654.025        360555.330        354427.487        131707.414
Oros Hydropower                                   468883.786        383283.185        433460.682        416274.944        166052.193        397870.658        370001.054        343362.810        315653.454        271950.336        264616.044         97540.063
Oros Hydropower                                   468762.431        392624.433        461912.221        452348.047        180675.330        431826.742        402482.895        374538.344        345363.355        298520.458        291526.779        107771.834
