    31.269
    26.995
    31.953
    31.455
    12.709
    31.850
    31.823
    31.962
    31.958
    30.023
    31.957
    12.679
    23.229
    28.408
    27.068
    27.933
    24.904
    24.051
    24.363
    18.947
    12.414
    17.626
    16.862
    27.600
    16.670
    16.670
    16.670
    16.669
    16.670
    16.558
    16.669
    16.670
    16.670
    16.665
    16.581
    16.670
    10.044
    10.044
    10.044
    10.044
    10.044
     8.117
    10.044
    10.044
    10.044
    10.044
    10.044
    10.044
    11.440
    11.437
    11.440
    11.389
    10.301
    11.440
    11.440
    11.440
    11.194
    11.440
    11.439
    11.440
    21.906
    21.906
    21.906
    21.906
    21.906
    21.870
    21.906
    21.906
    21.906
    21.906
    21.906
    21.906
