Oros                                         995.780  1035.997  1940.000  1940.000  1940.000  1901.383  1848.783  1784.975  1721.891  1659.813  1599.477  1558.076
Oros                                         981.928   961.418   930.932   918.700   910.274   869.761   830.588   782.257   734.585   689.042   643.613   616.859
Oros                                         979.173   975.685  1022.986  1014.635  1002.517   960.302   919.719   869.875   820.734   773.620   726.775   698.630
Oros                                        1017.206   990.892   999.961  1008.650  1006.069   968.018   929.300   879.909   830.610   783.319   736.314   708.010
Oros                                         979.173   942.651   952.520  1114.058  1146.777  1112.734  1072.470  1020.249   968.671   918.939   869.731   839.262
Oros                                         985.142   951.609   918.364   883.284   890.202   850.298   811.311   763.262   716.024   670.819   625.699   599.249
Oros                                         985.107   949.605   912.042   873.646   852.778   812.205   773.711   726.273   679.538   635.011   590.503   564.657
Oros                                         979.173   942.651   908.235   869.721   848.881   808.350   769.911   722.537   675.866   631.407   586.961   561.176
Oros                                        1230.643  1546.599  1940.000  1940.000  1940.000  1940.000  1918.573  1853.782  1789.717  1726.587  1665.302  1622.970
Oros                                        1056.202  1266.219  1252.285  1229.011  1391.325  1345.055  1299.311  1243.530  1188.458  1134.975  1082.385  1048.592
Oros                                         979.173   942.651  1626.522  1820.510  1792.998  1742.768  1691.986  1630.414  1569.562  1509.878  1451.698  1412.414
Oros                                         979.173   942.651  1020.796   998.391   992.460   956.203   915.676   865.898   816.822   769.779   722.998   694.914
Oros                                         979.173   982.678   971.769   976.172   955.786   914.078   874.139   825.038   776.639   730.323   684.199   656.762
Oros                                         986.526  1074.125  1276.950  1351.285  1358.558  1338.158  1299.780  1243.993  1188.914  1135.423  1082.826  1049.026
Oros                                         981.147   949.588  1101.322  1131.464  1175.397  1145.438  1111.745  1061.539  1010.395   960.466   910.984   880.337
Oros                                         979.173   942.651   903.770   869.086   848.251   807.727   769.297   721.933   675.273   630.825   586.389   621.709
Oros                                         981.808   947.410   917.053   927.960   924.049   889.503   850.209   801.500   753.494   707.600   661.857   634.795
Oros                                         979.173   942.651   903.770   869.086   848.251   807.727   769.297   721.933   675.273   630.825   586.389   621.709
Oros                                         979.483   942.958  1099.562  1094.111  1088.131  1049.818  1010.335   959.037   908.442   859.765   811.510   781.978
Oros                                         979.173   942.651   951.796   917.080   895.882   854.830   815.728   767.589   720.153   674.872   629.682   603.165
Oros                                         986.526  1074.125  1276.950  1351.285  1358.558  1338.158  1299.780  1243.993  1188.914  1135.423  1082.826  1049.026
Oros                                        1009.382  1014.324  1458.900  1540.126  1573.973  1527.216  1479.133  1420.663  1362.907  1306.543  1251.356  1215.012
Oros                                         979.705  1016.240  1166.335  1180.628  1162.745  1120.911  1078.822  1026.939   975.589   926.073   877.043   846.800
Oros                                         982.278   970.205  1071.120  1208.989  1271.671  1238.667  1198.297  1145.428  1092.446  1040.907   990.012   957.811
Oros                                         979.544   948.673   918.331   916.318   901.422   860.650   821.464   773.231   725.699   680.316   635.034   608.426
Oros                                         988.284   962.427   928.689   914.541   894.432   853.396   814.313   766.198   718.786   673.530   628.363   606.286
Oros                                         979.173   942.651   904.148   927.013  1033.394   996.696   955.609   905.186   855.466   807.729   760.323   731.624
Oros                                         979.956   944.814  1179.844  1418.440  1395.483  1349.171  1303.373  1247.531  1192.398  1138.849  1086.199  1052.477
Oros                                         981.147   949.588  1101.322  1131.464  1175.397  1145.438  1111.745  1061.539  1010.395   960.466   910.984   880.337
Oros                                         990.257   957.223   931.882  1159.928  1205.226  1169.440  1131.674  1080.736  1028.533   977.824   927.697   896.329
Oros                                         979.173   982.678   971.769   976.172   955.786   914.078   874.139   825.038   776.639   730.323   684.199   656.762
Oros                                         979.173  1594.973  1827.204  1940.000  1940.000  1914.995  1862.103  1798.106  1734.835  1672.556  1612.038  1570.458
Oros                                         979.173   955.310  1010.467  1248.888  1230.350  1185.729  1142.081  1088.711  1036.048   985.150   934.890   903.387
Oros                                         979.173   942.651   903.770   869.086   848.251   807.727   769.297   721.933   675.273   630.825   586.389   621.709
Oros                                         979.173   942.651  1139.079  1130.245  1130.796  1087.695  1045.365   993.511   942.360   893.088   844.295   814.233
Oros                                         979.483   942.958  1099.562  1094.111  1088.131  1049.818  1010.335   959.037   908.442   859.765   811.510   781.978
Oros                                         990.257   957.223   931.882  1159.928  1205.226  1169.440  1131.674  1080.736  1028.533   977.824   927.697   896.329
Oros                                        1083.765  1153.688  1349.976  1618.947  1592.777  1544.497  1496.194  1437.473  1379.465  1322.833  1267.403  1230.820
Oros                                         998.550  1166.834  1774.613  1940.000  1940.000  1940.000  1891.293  1828.292  1765.078  1702.446  1641.548  1599.597
Oros                                         979.173   947.582   922.666   973.483   961.657   935.298   895.062   845.620   796.879   750.196   703.740   719.559
Oros                                         979.173   988.585  1061.747  1115.066  1092.408  1049.232  1007.424   956.172   905.623   856.997   808.787   779.298
Oros                                         981.965   971.341  1078.283  1148.156  1127.817  1084.266  1041.982   990.182   939.085   889.870   841.129   811.118
Oros                                        1001.680   975.591  1068.025  1193.843  1206.568  1173.299  1131.512  1078.724  1026.399   975.774   925.720   894.415
Oros                                         979.173   942.651  1139.079  1130.245  1130.796  1087.695  1045.365   993.511   942.360   893.088   844.295   814.233
Oros                                        1001.680   975.591  1068.025  1193.843  1206.568  1173.299  1131.512  1078.724  1026.399   975.774   925.720   894.415
Oros                                        1083.765  1153.688  1349.976  1618.947  1592.777  1544.497  1496.194  1437.473  1379.465  1322.833  1267.403  1230.820
Oros                                         979.173   942.651   977.016  1749.143  1940.000  1940.000  1904.614  1848.999  1786.204  1723.129  1661.893  1729.609
Oros                                         979.173   975.203  1090.567  1145.518  1158.348  1117.271  1074.541  1022.227   970.617   920.851   871.613   841.788
Oros                                         979.173   975.203  1090.567  1145.518  1158.348  1117.271  1074.541  1022.227   970.617   920.851   871.613   841.788
Oros                                         979.173   942.651   907.267  1196.719  1215.811  1174.454  1130.956  1077.760  1025.269   974.556   924.464   893.126
Oros                                         979.173   942.651   908.235   869.721   848.881   808.350   769.911   722.537   675.866   631.407   586.961   561.176
Oros                                         979.173   948.775   916.454  1238.736  1316.289  1290.898  1250.743  1198.585  1144.206  1091.466  1039.546  1010.148
Oros                                         979.173   942.651   951.796   917.080   895.882   854.830   815.728   767.589   720.153   674.872   629.682   603.165
Oros                                         979.544   948.673   918.331   916.318   901.422   860.650   821.464   773.231   725.699   680.316   635.034   608.426
Oros                                         995.180  1212.927  1521.091  1940.000  1940.000  1928.852  1891.436  1829.069  1765.956  1703.194  1642.241  1600.234
Oros                                         979.173   942.651   903.865   865.568   845.516   805.022   766.631   719.312   672.696   628.297   583.905   558.172
Oros                                         979.173   942.651  1020.796   998.391   992.460   956.203   915.676   865.898   816.822   769.779   722.998   694.914
Oros                                        1009.382  1014.324  1458.900  1540.126  1573.973  1527.216  1479.133  1420.663  1362.907  1306.543  1251.356  1215.012
Oros                                        1001.680   975.591  1068.025  1193.843  1206.568  1173.299  1131.512  1078.724  1026.399   975.774   925.720   894.415
Oros                                         981.928   961.418   930.932   918.700   910.274   869.761   830.588   782.257   734.585   689.042   643.613   616.859
Oros                                         979.435  1192.488  1283.534  1321.135  1309.315  1268.987  1224.237  1169.600  1115.671  1063.414  1011.928   979.221
Oros                                         996.865   989.011   983.611   962.835   993.523   957.547   920.573   872.037   823.135   776.256   729.565   701.600
Oros                                         988.284   962.427   928.689   914.541   894.432   853.396   814.313   766.198   718.786   673.530   628.363   606.286
Oros                                         979.173   975.203  1090.567  1145.518  1158.348  1117.271  1074.541  1022.227   970.617   920.851   871.613   841.788
Oros                                         979.173  1010.890  1245.495  1278.981  1263.283  1220.790  1177.962  1124.038  1070.819  1019.325   968.528   959.800
Oros                                         979.173   975.685  1022.986  1014.635  1002.517   960.302   919.719   869.875   820.734   773.620   726.775   698.630
Oros                                         979.173   942.651   908.235   869.721   848.881   808.350   769.911   722.537   675.866   631.407   586.961   561.176
Oros                                         979.173   975.685  1022.986  1014.635  1002.517   960.302   919.719   869.875   820.734   773.620   726.775   698.630
Oros                                         979.705  1016.240  1166.335  1180.628  1162.745  1120.911  1078.822  1026.939   975.589   926.073   877.043   846.800
Oros                                         979.173   946.786   934.908   987.457   974.612   932.859   892.657   843.254   794.552   747.911   701.493   673.767
Oros                                         979.173   943.470   915.432  1124.272  1201.070  1164.797  1124.170  1071.891  1019.603   969.278   919.311   888.054
Oros                                         979.173   942.651   903.856   865.841   845.031   804.543   766.159   718.847   672.239   627.848   583.464   557.739
Oros                                         983.156  1115.394  1345.716  1940.000  1915.676  1864.273  1811.998  1748.711  1686.147  1639.763  1607.721  1864.343
Oros                                         979.173   942.651   903.865   919.170  1008.789   985.279   944.350   894.108   844.569   797.027   749.797   721.271
Oros                                         979.173   942.651   907.267  1196.719  1215.811  1174.454  1130.956  1077.760  1025.269   974.556   924.464   893.126
Oros                                         979.173   942.651   951.796   917.080   895.882   854.830   815.728   767.589   720.153   674.872   629.682   603.165
Oros                                         979.173   958.140   922.938   886.219   865.254   824.541   785.870   738.229   691.290   646.544   601.838   575.796
Oros                                         979.173   958.140   922.938   886.219   865.254   824.541   785.870   738.229   691.290   646.544   601.838   575.796
Oros                                         979.173   942.651   931.041   955.134   933.651   892.184   852.553   803.806   755.761   709.826   664.046   651.233
Oros                                        1017.206   990.892   999.961  1008.650  1006.069   968.018   929.300   879.909   830.610   783.319   736.314   708.010
Oros                                         985.515   997.648   988.209   964.750   944.945   903.355   863.567   814.639   766.413   720.283   674.327   647.056
Oros                                        1182.586  1386.769  1465.747  1432.906  1408.518  1362.075  1316.109  1260.074  1204.749  1150.994  1098.158  1064.123
Oros                                         979.173   955.310  1010.467  1248.888  1230.350  1185.729  1142.081  1088.711  1036.048   985.150   934.890   903.387
Oros                                         979.173   942.651  1192.373  1544.665  1606.524  1605.486  1558.016  1498.387  1439.474  1381.869  1325.564  1288.121
Oros                                         979.173   942.651   977.016  1749.143  1940.000  1940.000  1904.614  1848.999  1786.204  1723.129  1661.893  1729.609
Oros                                         981.808   947.410   917.053   927.960   924.049   889.503   850.209   801.500   753.494   707.600   661.857   634.795
Oros                                         979.173   949.258   964.634   981.272   970.824   931.914   892.586   843.742   795.580   749.535   703.722   675.959
Oros                                         979.173  1594.973  1827.204  1940.000  1940.000  1914.995  1862.103  1798.106  1734.835  1672.556  1612.038  1570.458
Oros                                         979.173  1075.273  1134.960  1290.542  1292.329  1247.068  1202.607  1148.302  1094.704  1044.183   992.997   960.585
Oros                                         979.173  1070.451  1043.160  1014.611   992.687   950.578   910.130   860.442   811.456   764.509   717.816   689.818
Oros                                         981.291   949.574   989.203  1134.821  1127.461  1086.323  1044.612   992.830   941.691   892.430   843.648   813.597
Oros                                         981.808   947.410   917.053   927.960   924.049   889.503   850.209   801.500   753.494   707.600   661.857   634.795
Oros                                         979.173   942.651  1139.079  1130.245  1130.796  1087.695  1045.365   993.511   942.360   893.088   844.295   814.233
Oros                                         995.180  1212.927  1521.091  1940.000  1940.000  1928.852  1891.436  1829.069  1765.956  1703.194  1642.241  1600.234
Oros                                        1182.586  1386.769  1465.747  1432.906  1408.518  1362.075  1316.109  1260.074  1204.749  1150.994  1098.158  1064.123
Oros                                         979.173   952.537   970.426   946.477   929.570   888.148   848.574   799.892   751.913   706.048   660.331   633.295
Oros                                         979.173  1075.273  1134.960  1290.542  1292.329  1247.068  1202.607  1148.302  1094.704  1044.183   992.997   960.585
Oros                                         979.173   989.911  1079.838  1051.517  1065.390  1027.318   990.620   939.636   889.355   841.016   793.065   763.832
Oros                                         979.544   948.673   918.331   916.318   901.422   860.650   821.464   773.231   725.699   680.316   635.034   608.426
Oros                                         979.173   982.678   971.769   976.172   955.786   914.078   874.139   825.038   776.639   730.323   684.199   656.762
Banabuiu                                     931.711  1330.962  1601.000  1601.000  1567.087  1531.221  1496.621  1452.064  1413.027  1367.442  1331.282  1283.220
Banabuiu                                     665.271   655.178   933.696  1006.891  1038.350  1025.467  1001.327   964.784   934.632   898.990   871.142   831.229
Banabuiu                                     667.168   633.775   600.829   576.094   561.753   535.491   512.103   482.421   460.744   434.651   414.786   382.696
Banabuiu                                     665.269   636.230   645.193   747.458   767.544   754.214   729.666   696.925   671.516   641.225   617.856   582.332
Banabuiu                                     665.253   631.749   649.464   622.234   600.891   573.909   549.966   519.683   497.363   470.547   450.078   417.396
Banabuiu                                     667.476   721.728   706.291   755.313   731.234   704.343   679.625   647.716   623.181   593.860   571.296   536.562
Banabuiu                                     665.253   631.163   622.415   645.324   623.486   596.835   572.814   542.236   519.525   492.271   471.434   438.393
Banabuiu                                     665.253   631.141   632.564   620.317   613.804   589.908   566.705   536.456   513.861   486.719   465.976   433.027
Banabuiu                                     665.253   631.141   598.139   639.145   619.855   598.201   575.858   545.788   523.136   495.810   474.914   441.814
Banabuiu                                     665.711   631.594   598.571   571.998   542.092   530.120   507.667   477.994   456.393   430.386   410.592   379.943
Banabuiu                                     665.267   659.024   645.382   937.293  1081.154  1085.581  1072.123  1037.297  1006.486   969.500   940.414   899.287
Banabuiu                                     665.306   645.364   791.349  1321.121  1378.867  1393.258  1387.196  1351.525  1315.785  1272.677  1238.253  1196.320
Banabuiu                                     665.295   631.182   731.444   716.870   716.769   698.132   675.778   644.004   619.534   590.286   567.783   533.109
Banabuiu                                     665.253   631.141   850.920   901.111   895.625   878.361   852.064   817.371   789.824   757.140   731.764   694.274
Banabuiu                                     665.253   632.060   601.858   588.469   559.603   531.947   508.240   478.556   456.945   430.927   411.124   379.095
Banabuiu                                     665.253   657.579   711.308   895.496   901.681   892.231   872.462   838.324   810.440   777.337   751.610   713.777
Banabuiu                                     667.476   721.728   706.291   755.313   731.234   704.343   679.625   647.716   623.181   593.860   571.296   536.562
Banabuiu                                     665.257   631.145   612.211   708.895   705.821   691.573   670.649   639.018   614.657   585.508   563.086   528.492
Banabuiu                                     665.253   631.375   598.825   574.295   544.938   517.439   493.881   464.404   443.037   417.293   397.718   365.913
Banabuiu                                     665.269   631.156   603.493   745.640   763.932   753.854   734.176   702.661   677.672   647.405   623.924   588.290
Banabuiu                                     665.253   631.375   598.825   574.295   544.938   517.439   493.881   464.404   443.037   417.293   397.718   365.913
Banabuiu                                     746.425   735.626   910.610  1591.512  1601.000  1601.000  1594.556  1552.625  1512.431  1464.921  1427.008  1377.228
Banabuiu                                     670.059   712.962   941.304  1601.000  1601.000  1601.000  1601.000  1567.576  1527.464  1479.730  1441.561  1391.519
Banabuiu                                     817.084   932.440  1234.284  1332.726  1406.937  1409.545  1387.242  1346.565  1310.029  1266.699  1232.342  1186.055
Banabuiu                                     665.253   632.197   610.600   590.903   569.145   542.945   519.557   489.708   467.906   441.672   422.820   390.617
Banabuiu                                     665.253   631.141   598.121   567.847   537.717   510.073   486.591   457.220   435.977   410.371   390.912   387.244
Banabuiu                                     665.253   631.159   629.026   710.700   701.275   695.758   682.495   655.139   631.959   602.920   580.244   545.357
Banabuiu                                     665.656   631.560   598.625   666.774   656.076   637.297   616.743   586.266   562.883   534.767   513.210   479.463
Banabuiu                                     665.271   631.162   600.329   577.892   556.324   529.420   505.794   476.144   454.576   428.604   408.840   376.849
Banabuiu                                     665.253   631.141   700.840   693.305   699.341   675.502   651.807   620.072   596.005   567.228   545.119   510.830
Banabuiu                                     665.253   632.060   601.858   588.469   559.603   531.947   508.240   478.556   456.945   430.927   411.124   379.095
Banabuiu                                     665.253   631.141   600.834   583.972   555.386   528.372   505.107   475.574   454.015   428.054   408.299   376.318
Banabuiu                                     670.059   712.962   941.304  1601.000  1601.000  1601.000  1601.000  1567.576  1527.464  1479.730  1441.561  1391.519
Banabuiu                                     665.259   655.145   623.235   624.386   640.529   617.911   596.083   566.299   543.580   515.895   494.658   461.225
Banabuiu                                     665.253   631.141   932.462  1024.318  1008.911   980.958   952.955   916.774   887.454   852.779   825.739   786.618
Banabuiu                                     665.253   631.141   932.462  1024.318  1008.911   980.958   952.955   916.774   887.454   852.779   825.739   786.618
Banabuiu                                     665.253   631.141   850.920   901.111   895.625   878.361   852.064   817.371   789.824   757.140   731.764   694.274
Banabuiu                                     665.253   631.141   598.139   639.145   619.855   598.201   575.858   545.788   523.136   495.810   474.914   441.814
Banabuiu                                     665.253   654.756   730.175   702.113   775.730   778.796   761.987   729.585   703.741   672.801   648.882   612.821
Banabuiu                                     673.203   716.691   715.585   769.298   772.420   762.045   745.578   714.673   688.944   658.301   634.632   598.819
Banabuiu                                     665.295   631.182   731.444   716.870   716.769   698.132   675.778   644.004   619.534   590.286   567.783   533.109
Banabuiu                                     665.253   631.141   624.044   725.926   804.046   794.328   777.747   745.889   719.816   688.555   664.365   628.055
Banabuiu                                     665.253   631.375   598.825   574.295   544.938   517.439   493.881   464.404   443.037   417.293   397.718   365.913
Banabuiu                                     665.253   686.745  1153.458  1360.598  1601.000  1601.000  1583.165  1538.898  1498.547  1451.178  1413.512  1364.921
Banabuiu                                     670.602   650.036   617.242   587.335   557.795   532.858   509.215   479.528   457.901   431.864   412.045   380.001
Banabuiu                                     665.253   631.141   626.314   670.143   655.138   634.725   614.345   583.563   560.192   532.130   510.618   476.915
Banabuiu                                     665.253   632.060   601.858   588.469   559.603   531.947   508.240   478.556   456.945   430.927   411.124   379.095
Banabuiu                                     665.295   631.182   731.444   716.870   716.769   698.132   675.778   644.004   619.534   590.286   567.783   533.109
Banabuiu                                     665.253   631.141   932.462  1024.318  1008.911   980.958   952.955   916.774   887.454   852.779   825.739   786.618
Banabuiu                                     665.295   631.182   731.444   716.870   716.769   698.132   675.778   644.004   619.534   590.286   567.783   533.109
Banabuiu                                     666.094   632.111   610.048   607.418   601.166   577.516   554.261   524.147   501.761   474.859   454.316   421.563
Banabuiu                                     665.253   633.712   600.821   569.997   539.847   512.185   488.682   459.280   438.002   412.356   392.864   361.140
Banabuiu                                     666.257   632.746   682.719   682.856   657.016   630.462   606.021   574.931   551.652   523.759   502.389   468.826
Banabuiu                                     687.689   655.410   623.298   600.868   589.952   581.368   582.976   556.621   534.295   506.748   485.666   452.385
Banabuiu                                     665.253   631.141   624.044   725.926   804.046   794.328   777.747   745.889   719.816   688.555   664.365   628.055
Banabuiu                                     667.922   634.182   601.322   701.495   753.822   815.807   807.100   776.141   750.053   718.329   693.624   656.811
Banabuiu                                     665.253   631.155   644.333   816.027   811.109   790.698   766.019   732.960   706.955   675.950   651.977   615.862
Banabuiu                                     665.253   631.163   622.415   645.324   623.486   596.835   572.814   542.236   519.525   492.271   471.434   438.393
Banabuiu                                     695.962   661.547   628.304   597.317   566.994   539.123   515.343   485.555   463.824   437.671   417.755   385.615
Banabuiu                                     665.253   692.209   888.075   981.791  1281.661  1277.617  1263.896  1226.870  1192.577  1151.772  1119.481  1075.195
Banabuiu                                     665.253   631.155   644.333   816.027   811.109   790.698   766.019   732.960   706.955   675.950   651.977   615.862
Banabuiu                                     665.923   706.615   753.846   732.946   704.645   676.539   651.643   619.906   595.842   567.068   544.962   510.676
Banabuiu                                     670.749   637.218   604.565   576.507   583.549   559.314   536.519   506.863   484.818   458.251   453.640   421.688
Banabuiu                                     665.257   636.134   693.042   950.686  1279.762  1389.335  1398.015  1365.615  1329.493  1286.017  1251.335  1204.702
Banabuiu                                     665.253   631.141   624.044   725.926   804.046   794.328   777.747   745.889   719.816   688.555   664.365   628.055
Banabuiu                                     665.253   631.141   598.121   567.847   537.717   510.073   486.591   457.220   435.977   410.371   390.912   387.244
Banabuiu                                     665.253   631.159   629.026   710.700   701.275   695.758   682.495   655.139   631.959   602.920   580.244   545.357
Banabuiu                                     665.253   631.141  1346.471  1413.086  1420.716  1406.157  1375.796  1333.621  1296.763  1253.617  1219.494  1173.429
Banabuiu                                     665.253   631.141   598.164   574.020   544.318   516.637   493.090   463.625   442.272   416.542   396.980   365.187
Banabuiu                                     665.257   672.511   861.294  1049.777  1318.825  1340.591  1332.775  1299.037  1264.407  1222.425  1188.913  1143.393
Banabuiu                                     665.253   631.141   626.314   670.143   655.138   634.725   614.345   583.563   560.192   532.130   510.618   476.915
Banabuiu                                     665.253   665.779   634.241   638.304   611.036   583.759   559.694   529.274   506.787   479.789   459.164   426.329
Banabuiu                                     665.253   657.579   711.308   895.496   901.681   892.231   872.462   838.324   810.440   777.337   751.610   713.777
Banabuiu                                     665.295   631.182   731.444   716.870   716.769   698.132   675.778   644.004   619.534   590.286   567.783   533.109
Banabuiu                                     665.253   645.137   720.310   761.632   752.037   728.061   703.746   671.230   646.265   616.482   593.531   558.417
Banabuiu                                     665.253   691.622   689.402   677.038   651.875   624.027  1601.000  1559.480  1519.463  1471.665  1433.630  1383.731
Banabuiu                                     695.962   661.547   628.304   597.317   566.994   539.123   515.343   485.555   463.824   437.671   417.755   385.615
Banabuiu                                     665.271   655.178   933.696  1006.891  1038.350  1025.467  1001.327   964.784   934.632   898.990   871.142   831.229
Banabuiu                                     665.253   686.745  1153.458  1360.598  1601.000  1601.000  1583.165  1538.898  1498.547  1451.178  1413.512  1364.921
Banabuiu                                     669.581   642.407   612.169   593.352   569.325   542.217   518.620   488.804   467.017   440.801   420.832   388.641
Banabuiu                                     665.253   646.525   615.354   585.122   555.230   528.878   505.399   475.776   454.213   428.249   408.491   377.418
Banabuiu                                     665.253   631.141   598.121   567.309   569.235   543.708   520.038   490.192   468.382   442.139   422.147   389.934
Banabuiu                                     665.253   665.779   634.241   638.304   611.036   583.759   559.694   529.274   506.787   479.789   459.164   426.329
Banabuiu                                     665.253   643.489   611.108   580.310   550.143   522.442   498.830   469.282   447.831   421.993   402.339   370.457
Banabuiu                                     665.253   633.712   600.821   569.997   539.847   512.185   488.682   459.280   438.002   412.356   392.864   361.140
Banabuiu                                     665.259   655.145   623.235   624.386   640.529   617.911   596.083   566.299   543.580   515.895   494.658   461.225
Banabuiu                                     665.253   636.991   618.076   619.167   611.220   598.486   579.512   549.878   527.136   499.731   478.768   452.170
Banabuiu                                     665.253   631.141   630.743   622.720   619.266   600.164   581.311   552.210   529.644   502.213   481.208   448.002
Banabuiu                                     665.271   655.178   933.696  1006.891  1038.350  1025.467  1001.327   964.784   934.632   898.990   871.142   831.229
Banabuiu                                     665.253   631.141   626.314   670.143   655.138   634.725   614.345   583.563   560.192   532.130   510.618   476.915
Banabuiu                                     665.253   631.141   600.834   583.972   555.386   528.372   505.107   475.574   454.015   428.054   408.299   376.318
Banabuiu                                     670.602   650.036   617.242   587.335   557.795   532.858   509.215   479.528   457.901   431.864   412.045   380.001
Banabuiu                                     689.672   675.151   688.417   727.713   744.623   727.847   705.731   673.675   648.797   618.963   595.969   560.814
Banabuiu                                     665.253   631.141   600.834   583.972   555.386   528.372   505.107   475.574   454.015   428.054   408.299   376.318
Banabuiu                                     665.253   631.159   629.026   710.700   701.275   695.758   682.495   655.139   631.959   602.920   580.244   545.357
Banabuiu                                     665.253   646.525   615.354   585.122   555.230   528.878   505.399   475.776   454.213   428.249   408.491   377.418
Banabuiu                                     665.253   633.712   600.821   569.997   539.847   512.185   488.682   459.280   438.002   412.356   392.864   361.140
Banabuiu                                     666.153   632.132   599.196   581.508   556.082   543.802   521.090   491.237   469.408   443.145   423.136   390.907
Banabuiu                                     665.253   632.060   601.858   588.469   559.603   531.947   508.240   478.556   456.945   430.927   411.124   379.095
Banabuiu                                     670.602   650.036   617.242   587.335   557.795   532.858   509.215   479.528   457.901   431.864   412.045   380.001
Pacajus                                      197.575   201.529   234.081   226.597   228.304   216.312   202.439   187.807   173.684   158.951   144.481   131.108
Pacajus                                      197.575   201.529   234.081   226.597   228.304   216.312   202.439   187.807   173.684   158.951   144.481   131.108
Pacajus                                      197.575   201.529   234.081   226.597   228.304   216.312   202.439   187.807   173.684   158.951   144.481   131.108
Pacajus                                      197.575   201.529   234.081   226.597   228.304   216.312   202.439   187.807   173.684   158.951   144.481   131.108
Pacajus                                      197.575   201.529   234.081   226.597   228.304   216.312   202.439   187.807   173.684   158.951   144.481   131.108
Pacajus                                      197.575   201.529   234.081   226.597   228.304   216.312   202.439   187.807   173.684   158.951   144.481   131.108
Pacajus                                      197.575   201.529   234.081   226.597   228.304   216.312   202.439   187.807   173.684   158.951   144.481   131.108
Pacajus                                      197.575   201.529   234.081   226.597   228.304   216.312   202.439   187.807   173.684   158.951   144.481   131.108
Pacajus                                      197.575   201.529   234.081   226.597   228.304   216.312   202.439   187.807   173.684   158.951   144.481   131.108
Pacajus                                      197.575   201.529   234.081   226.597   228.304   216.312   202.439   187.807   173.684   158.951   144.481   131.108
Pacajus                                      197.575   201.529   234.081   226.597   228.304   216.312   202.439   187.807   173.684   158.951   144.481   131.108
Pacajus                                      197.575   201.529   234.081   226.597   228.304   216.312   202.439   187.807   173.684   158.951   144.481   131.108
Pacajus                                      197.575   201.529   234.081   226.597   228.304   216.312   202.439   187.807   173.684   158.951   144.481   131.108
Pacajus                                      197.575   201.529   234.081   226.597   228.304   216.312   202.439   187.807   173.684   158.951   144.481   131.108
Pacajus                                      197.575   201.529   234.081   226.597   228.304   216.312   202.439   187.807   173.684   158.951   144.481   131.108
Pacajus                                      197.575   201.529   234.081   226.597   228.304   216.312   202.439   187.807   173.684   158.951   144.481   131.108
Pacajus                                      197.575   201.529   234.081   226.597   228.304   216.312   202.439   187.807   173.684   158.951   144.481   131.108
Pacajus                                      197.575   201.529   234.081   226.597   228.304   216.312   202.439   187.807   173.684   158.951   144.481   131.108
Pacajus                                      197.575   201.529   234.081   226.597   228.304   216.312   202.439   187.807   173.684   158.951   144.481   131.108
Pacajus                                      197.575   201.529   234.081   226.597   228.304   216.312   202.439   187.807   173.684   158.951   144.481   131.108
Pacajus                                      197.575   201.529   234.081   226.597   228.304   216.312   202.439   187.807   173.684   158.951   144.481   131.108
Pacajus                                      197.575   201.529   234.081   226.597   228.304   216.312   202.439   187.807   173.684   158.951   144.481   131.108
Pacajus                                      197.575   201.529   234.081   226.597   228.304   216.312   202.439   187.807   173.684   158.951   144.481   131.108
Pacajus                                      197.575   201.529   234.081   226.597   228.304   216.312   202.439   187.807   173.684   158.951   144.481   131.108
Pacajus                                      197.575   201.529   234.081   226.597   228.304   216.312   202.439   187.807   173.684   158.951   144.481   131.108
Pacajus                                      197.575   201.529   234.081   226.597   228.304   216.312   202.439   187.807   173.684   158.951   144.481   131.108
Pacajus                                      197.575   201.529   234.081   226.597   228.304   216.312   202.439   187.807   173.684   158.951   144.481   131.108
Pacajus                                      197.575   201.529   234.081   226.597   228.304   216.312   202.439   187.807   173.684   158.951   144.481   131.108
Pacajus                                      197.575   201.529   234.081   226.597   228.304   216.312   202.439   187.807   173.684   158.951   144.481   131.108
Pacajus                                      197.575   201.529   234.081   226.597   228.304   216.312   202.439   187.807   173.684   158.951   144.481   131.108
Pacajus                                      197.575   201.529   234.081   226.597   228.304   216.312   202.439   187.807   173.684   158.951   144.481   131.108
Pacajus                                      197.575   201.529   234.081   226.597   228.304   216.312   202.439   187.807   173.684   158.951   144.481   131.108
Pacajus                                      197.575   201.529   234.081   226.597   228.304   216.312   202.439   187.807   173.684   158.951   144.481   131.108
Pacajus                                      197.575   201.529   234.081   226.597   228.304   216.312   202.439   187.807   173.684   158.951   144.481   131.108
Pacajus                                      197.575   201.529   234.081   226.597   228.304   216.312   202.439   187.807   173.684   158.951   144.481   131.108
Pacajus                                      197.575   201.529   234.081   226.597   228.304   216.312   202.439   187.807   173.684   158.951   144.481   131.108
Pacajus                                      197.575   201.529   234.081   226.597   228.304   216.312   202.439   187.807   173.684   158.951   144.481   131.108
Pacajus                                      197.575   201.529   234.081   226.597   228.304   216.312   202.439   187.807   173.684   158.951   144.481   131.108
Pacajus                                      197.575   201.529   234.081   226.597   228.304   216.312   202.439   187.807   173.684   158.951   144.481   131.108
Pacajus                                      197.575   201.529   234.081   226.597   228.304   216.312   202.439   187.807   173.684   158.951   144.481   131.108
Pacajus                                      197.575   201.529   234.081   226.597   228.304   216.312   202.439   187.807   173.684   158.951   144.481   131.108
Pacajus                                      197.575   201.529   234.081   226.597   228.304   216.312   202.439   187.807   173.684   158.951   144.481   131.108
Pacajus                                      197.575   201.529   234.081   226.597   228.304   216.312   202.439   187.807   173.684   158.951   144.481   131.108
Pacajus                                      197.575   201.529   234.081   226.597   228.304   216.312   202.439   187.807   173.684   158.951   144.481   131.108
Pacajus                                      197.575   201.529   234.081   226.597   228.304   216.312   202.439   187.807   173.684   158.951   144.481   131.108
Pacajus                                      197.575   201.529   234.081   226.597   228.304   216.312   202.439   187.807   173.684   158.951   144.481   131.108
Pacajus                                      197.575   201.529   234.081   226.597   228.304   216.312   202.439   187.807   173.684   158.951   144.481   131.108
Pacajus                                      197.575   201.529   234.081   226.597   228.304   216.312   202.439   187.807   173.684   158.951   144.481   131.108
Pacajus                                      197.575   201.529   234.081   226.597   228.304   216.312   202.439   187.807   173.684   158.951   144.481   131.108
Pacajus                                      197.575   201.529   234.081   226.597   228.304   216.312   202.439   187.807   173.684   158.951   144.481   131.108
Pacajus                                      197.575   201.529   234.081   226.597   228.304   216.312   202.439   187.807   173.684   158.951   144.481   131.108
Pacajus                                      197.575   201.529   234.081   226.597   228.304   216.312   202.439   187.807   173.684   158.951   144.481   131.108
Pacajus                                      197.575   201.529   234.081   226.597   228.304   216.312   202.439   187.807   173.684   158.951   144.481   131.108
Pacajus                                      197.575   201.529   234.081   226.597   228.304   216.312   202.439   187.807   173.684   158.951   144.481   131.108
Pacajus                                      197.575   201.529   234.081   226.597   228.304   216.312   202.439   187.807   173.684   158.951   144.481   131.108
Pacajus                                      197.575   201.529   234.081   226.597   228.304   216.312   202.439   187.807   173.684   158.951   144.481   131.108
Pacajus                                      197.575   201.529   234.081   226.597   228.304   216.312   202.439   187.807   173.684   158.951   144.481   131.108
Pacajus                                      197.575   201.529   234.081   226.597   228.304   216.312   202.439   187.807   173.684   158.951   144.481   131.108
Pacajus                                      197.575   201.529   234.081   226.597   228.304   216.312   202.439   187.807   173.684   158.951   144.481   131.108
Pacajus                                      197.575   201.529   234.081   226.597   228.304   216.312   202.439   187.807   173.684   158.951   144.481   131.108
Pacajus                                      197.575   201.529   234.081   226.597   228.304   216.312   202.439   187.807   173.684   158.951   144.481   131.108
Pacajus                                      197.575   201.529   234.081   226.597   228.304   216.312   202.439   187.807   173.684   158.951   144.481   131.108
Pacajus                                      197.575   201.529   234.081   226.597   228.304   216.312   202.439   187.807   173.684   158.951   144.481   131.108
Pacajus                                      197.575   201.529   234.081   226.597   228.304   216.312   202.439   187.807   173.684   158.951   144.481   131.108
Pacajus                                      197.575   201.529   234.081   226.597   228.304   216.312   202.439   187.807   173.684   158.951   144.481   131.108
Pacajus                                      197.575   201.529   234.081   226.597   228.304   216.312   202.439   187.807   173.684   158.951   144.481   131.108
Pacajus                                      197.575   201.529   234.081   226.597   228.304   216.312   202.439   187.807   173.684   158.951   144.481   131.108
Pacajus                                      197.575   201.529   234.081   226.597   228.304   216.312   202.439   187.807   173.684   158.951   144.481   131.108
Pacajus                                      197.575   201.529   234.081   226.597   228.304   216.312   202.439   187.807   173.684   158.951   144.481   131.108
Pacajus                                      197.575   201.529   234.081   226.597   228.304   216.312   202.439   187.807   173.684   158.951   144.481   131.108
Pacajus                                      197.575   201.529   234.081   226.597   228.304   216.312   202.439   187.807   173.684   158.951   144.481   131.108
Pacajus                                      197.575   201.529   234.081   226.597   228.304   216.312   202.439   187.807   173.684   158.951   144.481   131.108
Pacajus                                      197.575   201.529   234.081   226.597   228.304   216.312   202.439   187.807   173.684   158.951   144.481   131.108
Pacajus                                      197.575   201.529   234.081   226.597   228.304   216.312   202.439   187.807   173.684   158.951   144.481   131.108
Pacajus                                      197.575   201.529   234.081   226.597   228.304   216.312   202.439   187.807   173.684   158.951   144.481   131.108
Pacajus                                      197.575   201.529   234.081   226.597   228.304   216.312   202.439   187.807   173.684   158.951   144.481   131.108
Pacajus                                      197.575   201.529   234.081   226.597   228.304   216.312   202.439   187.807   173.684   158.951   144.481   131.108
Pacajus                                      197.575   201.529   234.081   226.597   228.304   216.312   202.439   187.807   173.684   158.951   144.481   131.108
Pacajus                                      197.575   201.529   234.081   226.597   228.304   216.312   202.439   187.807   173.684   158.951   144.481   131.108
Pacajus                                      197.575   201.529   234.081   226.597   228.304   216.312   202.439   187.807   173.684   158.951   144.481   131.108
Pacajus                                      197.575   201.529   234.081   226.597   228.304   216.312   202.439   187.807   173.684   158.951   144.481   131.108
Pacajus                                      197.575   201.529   234.081   226.597   228.304   216.312   202.439   187.807   173.684   158.951   144.481   131.108
Pacajus                                      197.575   201.529   234.081   226.597   228.304   216.312   202.439   187.807   173.684   158.951   144.481   131.108
Pacajus                                      197.575   201.529   234.081   226.597   228.304   216.312   202.439   187.807   173.684   158.951   144.481   131.108
Pacajus                                      197.575   201.529   234.081   226.597   228.304   216.312   202.439   187.807   173.684   158.951   144.481   131.108
Pacajus                                      197.575   201.529   234.081   226.597   228.304   216.312   202.439   187.807   173.684   158.951   144.481   131.108
Pacajus                                      197.575   201.529   234.081   226.597   228.304   216.312   202.439   187.807   173.684   158.951   144.481   131.108
Pacajus                                      197.575   201.529   234.081   226.597   228.304   216.312   202.439   187.807   173.684   158.951   144.481   131.108
Pacajus                                      197.575   201.529   234.081   226.597   228.304   216.312   202.439   187.807   173.684   158.951   144.481   131.108
Pacajus                                      197.575   201.529   234.081   226.597   228.304   216.312   202.439   187.807   173.684   158.951   144.481   131.108
Pacajus                                      197.575   201.529   234.081   226.597   228.304   216.312   202.439   187.807   173.684   158.951   144.481   131.108
Pacajus                                      197.575   201.529   234.081   226.597   228.304   216.312   202.439   187.807   173.684   158.951   144.481   131.108
Pacajus                                      197.575   201.529   234.081   226.597   228.304   216.312   202.439   187.807   173.684   158.951   144.481   131.108
Pacajus                                      197.575   201.529   234.081   226.597   228.304   216.312   202.439   187.807   173.684   158.951   144.481   131.108
Pacajus                                      197.575   201.529   234.081   226.597   228.304   216.312   202.439   187.807   173.684   158.951   144.481   131.108
Pacajus                                      197.575   201.529   234.081   226.597   228.304   216.312   202.439   187.807   173.684   158.951   144.481   131.108
Pacajus                                      197.575   201.529   234.081   226.597   228.304   216.312   202.439   187.807   173.684   158.951   144.481   131.108
Pacajus                                      197.575   201.529   234.081   226.597   228.304   216.312   202.439   187.807   173.684   158.951   144.481   131.108
Pacajus                                      197.575   201.529   234.081   226.597   228.304   216.312   202.439   187.807   173.684   158.951   144.481   131.108
Pacajus                                      197.575   201.529   234.081   226.597   228.304   216.312   202.439   187.807   173.684   158.951   144.481   131.108
Pacoti                                       236.289   230.626   247.431   254.769   271.497   272.616   264.656   255.829   247.099   237.600   227.601   219.502
Pacoti                                       236.289   230.626   247.431   254.769   271.497   272.616   264.656   255.829   247.099   237.600   227.601   219.502
Pacoti                                       236.289   230.626   247.431   254.769   271.497   272.616   264.656   255.829   247.099   237.600   227.601   219.502
Pacoti                                       236.289   230.626   247.431   254.769   271.497   272.616   264.656   255.829   247.099   237.600   227.601   219.502
Pacoti                                       236.289   230.626   247.431   254.769   271.497   272.616   264.656   255.829   247.099   237.600   227.601   219.502
Pacoti                                       236.289   230.626   247.431   254.769   271.497   272.616   264.656   255.829   247.099   237.600   227.601   219.502
Pacoti                                       236.289   230.626   247.431   254.769   271.497   272.616   264.656   255.829   247.099   237.600   227.601   219.502
Pacoti                                       236.289   230.626   247.431   254.769   271.497   272.616   264.656   255.829   247.099   237.600   227.601   219.502
Pacoti                                       236.289   230.626   247.431   254.769   271.497   272.616   264.656   255.829   247.099   237.600   227.601   219.502
Pacoti                                       236.289   230.626   247.431   254.769   271.497   272.616   264.656   255.829   247.099   237.600   227.601   219.502
Pacoti                                       236.289   230.626   247.431   254.769   271.497   272.616   264.656   255.829   247.099   237.600   227.601   219.502
Pacoti                                       236.289   230.626   247.431   254.769   271.497   272.616   264.656   255.829   247.099   237.600   227.601   219.502
Pacoti                                       236.289   230.626   247.431   254.769   271.497   272.616   264.656   255.829   247.099   237.600   227.601   219.502
Pacoti                                       236.289   230.626   247.431   254.769   271.497   272.616   264.656   255.829   247.099   237.600   227.601   219.502
Pacoti                                       236.289   230.626   247.431   254.769   271.497   272.616   264.656   255.829   247.099   237.600   227.601   219.502
Pacoti                                       236.289   230.626   247.431   254.769   271.497   272.616   264.656   255.829   247.099   237.600   227.601   219.502
Pacoti                                       236.289   230.626   247.431   254.769   271.497   272.616   264.656   255.829   247.099   237.600   227.601   219.502
Pacoti                                       236.289   230.626   247.431   254.769   271.497   272.616   264.656   255.829   247.099   237.600   227.601   219.502
Pacoti                                       236.289   230.626   247.431   254.769   271.497   272.616   264.656   255.829   247.099   237.600   227.601   219.502
Pacoti                                       236.289   230.626   247.431   254.769   271.497   272.616   264.656   255.829   247.099   237.600   227.601   219.502
Pacoti                                       236.289   230.626   247.431   254.769   271.497   272.616   264.656   255.829   247.099   237.600   227.601   219.502
Pacoti                                       236.289   230.626   247.431   254.769   271.497   272.616   264.656   255.829   247.099   237.600   227.601   219.502
Pacoti                                       236.289   230.626   247.431   254.769   271.497   272.616   264.656   255.829   247.099   237.600   227.601   219.502
Pacoti                                       236.289   230.626   247.431   254.769   271.497   272.616   264.656   255.829   247.099   237.600   227.601   219.502
Pacoti                                       236.289   230.626   247.431   254.769   271.497   272.616   264.656   255.829   247.099   237.600   227.601   219.502
Pacoti                                       236.289   230.626   247.431   254.769   271.497   272.616   264.656   255.829   247.099   237.600   227.601   219.502
Pacoti                                       236.289   230.626   247.431   254.769   271.497   272.616   264.656   255.829   247.099   237.600   227.601   219.502
Pacoti                                       236.289   230.626   247.431   254.769   271.497   272.616   264.656   255.829   247.099   237.600   227.601   219.502
Pacoti                                       236.289   230.626   247.431   254.769   271.497   272.616   264.656   255.829   247.099   237.600   227.601   219.502
Pacoti                                       236.289   230.626   247.431   254.769   271.497   272.616   264.656   255.829   247.099   237.600   227.601   219.502
Pacoti                                       236.289   230.626   247.431   254.769   271.497   272.616   264.656   255.829   247.099   237.600   227.601   219.502
Pacoti                                       236.289   230.626   247.431   254.769   271.497   272.616   264.656   255.829   247.099   237.600   227.601   219.502
Pacoti                                       236.289   230.626   247.431   254.769   271.497   272.616   264.656   255.829   247.099   237.600   227.601   219.502
Pacoti                                       236.289   230.626   247.431   254.769   271.497   272.616   264.656   255.829   247.099   237.600   227.601   219.502
Pacoti                                       236.289   230.626   247.431   254.769   271.497   272.616   264.656   255.829   247.099   237.600   227.601   219.502
Pacoti                                       236.289   230.626   247.431   254.769   271.497   272.616   264.656   255.829   247.099   237.600   227.601   219.502
Pacoti                                       236.289   230.626   247.431   254.769   271.497   272.616   264.656   255.829   247.099   237.600   227.601   219.502
Pacoti                                       236.289   230.626   247.431   254.769   271.497   272.616   264.656   255.829   247.099   237.600   227.601   219.502
Pacoti                                       236.289   230.626   247.431   254.769   271.497   272.616   264.656   255.829   247.099   237.600   227.601   219.502
Pacoti                                       236.289   230.626   247.431   254.769   271.497   272.616   264.656   255.829   247.099   237.600   227.601   219.502
Pacoti                                       236.289   230.626   247.431   254.769   271.497   272.616   264.656   255.829   247.099   237.600   227.601   219.502
Pacoti                                       236.289   230.626   247.431   254.769   271.497   272.616   264.656   255.829   247.099   237.600   227.601   219.502
Pacoti                                       236.289   230.626   247.431   254.769   271.497   272.616   264.656   255.829   247.099   237.600   227.601   219.502
Pacoti                                       236.289   230.626   247.431   254.769   271.497   272.616   264.656   255.829   247.099   237.600   227.601   219.502
Pacoti                                       236.289   230.626   247.431   254.769   271.497   272.616   264.656   255.829   247.099   237.600   227.601   219.502
Pacoti                                       236.289   230.626   247.431   254.769   271.497   272.616   264.656   255.829   247.099   237.600   227.601   219.502
Pacoti                                       236.289   230.626   247.431   254.769   271.497   272.616   264.656   255.829   247.099   237.600   227.601   219.502
Pacoti                                       236.289   230.626   247.431   254.769   271.497   272.616   264.656   255.829   247.099   237.600   227.601   219.502
Pacoti                                       236.289   230.626   247.431   254.769   271.497   272.616   264.656   255.829   247.099   237.600   227.601   219.502
Pacoti                                       236.289   230.626   247.431   254.769   271.497   272.616   264.656   255.829   247.099   237.600   227.601   219.502
Pacoti                                       236.289   230.626   247.431   254.769   271.497   272.616   264.656   255.829   247.099   237.600   227.601   219.502
Pacoti                                       236.289   230.626   247.431   254.769   271.497   272.616   264.656   255.829   247.099   237.600   227.601   219.502
Pacoti                                       236.289   230.626   247.431   254.769   271.497   272.616   264.656   255.829   247.099   237.600   227.601   219.502
Pacoti                                       236.289   230.626   247.431   254.769   271.497   272.616   264.656   255.829   247.099   237.600   227.601   219.502
Pacoti                                       236.289   230.626   247.431   254.769   271.497   272.616   264.656   255.829   247.099   237.600   227.601   219.502
Pacoti                                       236.289   230.626   247.431   254.769   271.497   272.616   264.656   255.829   247.099   237.600   227.601   219.502
Pacoti                                       236.289   230.626   247.431   254.769   271.497   272.616   264.656   255.829   247.099   237.600   227.601   219.502
Pacoti                                       236.289   230.626   247.431   254.769   271.497   272.616   264.656   255.829   247.099   237.600   227.601   219.502
Pacoti                                       236.289   230.626   247.431   254.769   271.497   272.616   264.656   255.829   247.099   237.600   227.601   219.502
Pacoti                                       236.289   230.626   247.431   254.769   271.497   272.616   264.656   255.829   247.099   237.600   227.601   219.502
Pacoti                                       236.289   230.626   247.431   254.769   271.497   272.616   264.656   255.829   247.099   237.600   227.601   219.502
Pacoti                                       236.289   230.626   247.431   254.769   271.497   272.616   264.656   255.829   247.099   237.600   227.601   219.502
Pacoti                                       236.289   230.626   247.431   254.769   271.497   272.616   264.656   255.829   247.099   237.600   227.601   219.502
Pacoti                                       236.289   230.626   247.431   254.769   271.497   272.616   264.656   255.829   247.099   237.600   227.601   219.502
Pacoti                                       236.289   230.626   247.431   254.769   271.497   272.616   264.656   255.829   247.099   237.600   227.601   219.502
Pacoti                                       236.289   230.626   247.431   254.769   271.497   272.616   264.656   255.829   247.099   237.600   227.601   219.502
Pacoti                                       236.289   230.626   247.431   254.769   271.497   272.616   264.656   255.829   247.099   237.600   227.601   219.502
Pacoti                                       236.289   230.626   247.431   254.769   271.497   272.616   264.656   255.829   247.099   237.600   227.601   219.502
Pacoti                                       236.289   230.626   247.431   254.769   271.497   272.616   264.656   255.829   247.099   237.600   227.601   219.502
Pacoti                                       236.289   230.626   247.431   254.769   271.497   272.616   264.656   255.829   247.099   237.600   227.601   219.502
Pacoti                                       236.289   230.626   247.431   254.769   271.497   272.616   264.656   255.829   247.099   237.600   227.601   219.502
Pacoti                                       236.289   230.626   247.431   254.769   271.497   272.616   264.656   255.829   247.099   237.600   227.601   219.502
Pacoti                                       236.289   230.626   247.431   254.769   271.497   272.616   264.656   255.829   247.099   237.600   227.601   219.502
Pacoti                                       236.289   230.626   247.431   254.769   271.497   272.616   264.656   255.829   247.099   237.600   227.601   219.502
Pacoti                                       236.289   230.626   247.431   254.769   271.497   272.616   264.656   255.829   247.099   237.600   227.601   219.502
Pacoti                                       236.289   230.626   247.431   254.769   271.497   272.616   264.656   255.829   247.099   237.600   227.601   219.502
Pacoti                                       236.289   230.626   247.431   254.769   271.497   272.616   264.656   255.829   247.099   237.600   227.601   219.502
Pacoti                                       236.289   230.626   247.431   254.769   271.497   272.616   264.656   255.829   247.099   237.600   227.601   219.502
Pacoti                                       236.289   230.626   247.431   254.769   271.497   272.616   264.656   255.829   247.099   237.600   227.601   219.502
Pacoti                                       236.289   230.626   247.431   254.769   271.497   272.616   264.656   255.829   247.099   237.600   227.601   219.502
Pacoti                                       236.289   230.626   247.431   254.769   271.497   272.616   264.656   255.829   247.099   237.600   227.601   219.502
Pacoti                                       236.289   230.626   247.431   254.769   271.497   272.616   264.656   255.829   247.099   237.600   227.601   219.502
Pacoti                                       236.289   230.626   247.431   254.769   271.497   272.616   264.656   255.829   247.099   237.600   227.601   219.502
Pacoti                                       236.289   230.626   247.431   254.769   271.497   272.616   264.656   255.829   247.099   237.600   227.601   219.502
Pacoti                                       236.289   230.626   247.431   254.769   271.497   272.616   264.656   255.829   247.099   237.600   227.601   219.502
Pacoti                                       236.289   230.626   247.431   254.769   271.497   272.616   264.656   255.829   247.099   237.600   227.601   219.502
Pacoti                                       236.289   230.626   247.431   254.769   271.497   272.616   264.656   255.829   247.099   237.600   227.601   219.502
Pacoti                                       236.289   230.626   247.431   254.769   271.497   272.616   264.656   255.829   247.099   237.600   227.601   219.502
Pacoti                                       236.289   230.626   247.431   254.769   271.497   272.616   264.656   255.829   247.099   237.600   227.601   219.502
Pacoti                                       236.289   230.626   247.431   254.769   271.497   272.616   264.656   255.829   247.099   237.600   227.601   219.502
Pacoti                                       236.289   230.626   247.431   254.769   271.497   272.616   264.656   255.829   247.099   237.600   227.601   219.502
Pacoti                                       236.289   230.626   247.431   254.769   271.497   272.616   264.656   255.829   247.099   237.600   227.601   219.502
Pacoti                                       236.289   230.626   247.431   254.769   271.497   272.616   264.656   255.829   247.099   237.600   227.601   219.502
Pacoti                                       236.289   230.626   247.431   254.769   271.497   272.616   264.656   255.829   247.099   237.600   227.601   219.502
Pacoti                                       236.289   230.626   247.431   254.769   271.497   272.616   264.656   255.829   247.099   237.600   227.601   219.502
Pacoti                                       236.289   230.626   247.431   254.769   271.497   272.616   264.656   255.829   247.099   237.600   227.601   219.502
Pacoti                                       236.289   230.626   247.431   254.769   271.497   272.616   264.656   255.829   247.099   237.600   227.601   219.502
Pacoti                                       236.289   230.626   247.431   254.769   271.497   272.616   264.656   255.829   247.099   237.600   227.601   219.502
Pacoti                                       236.289   230.626   247.431   254.769   271.497   272.616   264.656   255.829   247.099   237.600   227.601   219.502
Pacoti                                       236.289   230.626   247.431   254.769   271.497   272.616   264.656   255.829   247.099   237.600   227.601   219.502
